Mplus VERSION 8.11 (Mac)
MUTHEN & MUTHEN
03/23/2026  10:17 AM

INPUT INSTRUCTIONS

  TITLE:
    Figure 4: Sensitivity Check - Exclude program change
  DATA:
    FILE = Eng-SpnFinalData(drop_chdual).dat;

  VARIABLE:
    NAMES =
      child_id sch_id d_female race d_hisp d_white d_asian d_g1farl d_g1el
      d_g1serv d_g1sspe d_g1sld d_g1saut d_g1soth d_g1dual d_g3farl d_g3el
      g3el_cat d_g3dual d_g3serv d_g3attr d_chdual g1engmis g1engsp g1engdl
      g1engdlr g1engcs g1engtd g3engmis g3engsp g3engdl g3engdlr g3engcs
      g3engtd g1spnmis g1spnsp g1spndl g1spndlr g1spncs g1spntd g3spnmis
      g3spnsp g3spndl g3spndlr g3spncs g3spntd zg1engsp zg1engdl zg1engcs
      zg1engtd zg3engsp zg3engdl zg3engcs zg3engtd zg1spnsp zg1spndl zg1spncs
      zg1spntd zg3spnsp zg3spndl zg3spncs zg3spntd gender ethnic s_g1farl
      s_g1serv s_g3serv;

    USEVARIABLES =
      g1engtd g3engtd g1spntd g3spntd d_g1el;

    CLUSTER = sch_id;
    MISSING ARE ALL (9999);

  ANALYSIS:
    TYPE = COMPLEX;
    ESTIMATOR = ML;
    ITERATIONS = 10000;
    CONVERGENCE = 0.001;

  MODEL:
    ! Cross-lagged effects
    g3engtd ON g1engtd g1spntd;
    g3spntd ON g1engtd g1spntd;

    ! Within-time covariances
    g1engtd WITH g1spntd;
    g3engtd WITH g3spntd;

    ! Covariates
    g1engtd g3engtd g1spntd g3spntd ON d_g1el;

  OUTPUT:
    STDYX MODINDICES SAMPSTAT;



*** WARNING in ANALYSIS command
  Use ESTIMATOR=MLR instead of ESTIMATOR=ML for TYPE=COMPLEX.
  Default estimator will be used.
*** WARNING
  Data set contains cases with missing on all variables.
  These cases were not included in the analysis.
  Number of cases with missing on all variables:  1
*** WARNING
  Data set contains cases with missing on all variables except
  x-variables.  These cases were not included in the analysis.
  Number of cases with missing on all variables except x-variables:  1
   3 WARNING(S) FOUND IN THE INPUT INSTRUCTIONS




Figure 4: Sensitivity Check - Exclude program change

SUMMARY OF ANALYSIS

Number of groups                                                 1
Number of observations                                         204

Number of dependent variables                                    4
Number of independent variables                                  1
Number of continuous latent variables                            0

Observed dependent variables

  Continuous
   G1ENGTD     G3ENGTD     G1SPNTD     G3SPNTD

Observed independent variables
   D_G1EL

Variables with special functions

  Cluster variable      SCH_ID

Estimator                                                      MLR
Information matrix                                        OBSERVED
Maximum number of iterations                                 10000
Convergence criterion                                    0.100D-02
Maximum number of steepest descent iterations                   20
Maximum number of iterations for H1                           2000
Convergence criterion for H1                             0.100D-03

Input data file(s)
  Eng-SpnFinalData(drop_chdual).dat

Input data format  FREE


SUMMARY OF DATA

     Number of missing data patterns             9
     Number of clusters                          5



COVARIANCE COVERAGE OF DATA

Minimum covariance coverage value   0.100


     PROPORTION OF DATA PRESENT


           Covariance Coverage
              G1ENGTD       G3ENGTD       G1SPNTD       G3SPNTD       D_G1EL
              ________      ________      ________      ________      ________
 G1ENGTD        0.902
 G3ENGTD        0.627         0.716
 G1SPNTD        0.863         0.627         0.902
 G3SPNTD        0.627         0.711         0.627         0.716
 D_G1EL         0.902         0.716         0.902         0.716         1.000


SAMPLE STATISTICS


     ESTIMATED SAMPLE STATISTICS


           Means
              G1ENGTD       G3ENGTD       G1SPNTD       G3SPNTD       D_G1EL
              ________      ________      ________      ________      ________
                0.481         0.193         0.402         0.252         0.637


           Covariances
              G1ENGTD       G3ENGTD       G1SPNTD       G3SPNTD       D_G1EL
              ________      ________      ________      ________      ________
 G1ENGTD        0.045
 G3ENGTD        0.020         0.032
 G1SPNTD        0.010         0.014         0.054
 G3SPNTD        0.001         0.008         0.028         0.027
 D_G1EL         0.025         0.017        -0.002        -0.006         0.231


           Correlations
              G1ENGTD       G3ENGTD       G1SPNTD       G3SPNTD       D_G1EL
              ________      ________      ________      ________      ________
 G1ENGTD        1.000
 G3ENGTD        0.529         1.000
 G1SPNTD        0.193         0.332         1.000
 G3SPNTD        0.023         0.283         0.720         1.000
 D_G1EL         0.251         0.200        -0.020        -0.071         1.000


     MAXIMUM LOG-LIKELIHOOD VALUE FOR THE UNRESTRICTED (H1) MODEL IS 80.681


UNIVARIATE SAMPLE STATISTICS


     UNIVARIATE HIGHER-ORDER MOMENT DESCRIPTIVE STATISTICS

         Variable/         Mean/     Skewness/   Minimum/ % with                Percentiles
        Sample Size      Variance    Kurtosis    Maximum  Min/Max      20%/60%    40%/80%    Median

     G1ENGTD               0.479       0.010       0.000    0.54%       0.290      0.410      0.470
             184.000       0.045      -0.585       1.000    0.54%       0.540      0.680
     G3ENGTD               0.188       1.433       0.000    3.42%       0.040      0.080      0.135
             146.000       0.031       2.719       1.000    0.68%       0.190      0.340
     G1SPNTD               0.405       0.827       0.090    0.54%       0.180      0.310      0.360
             184.000       0.054      -0.164       1.000    1.09%       0.410      0.590
     G3SPNTD               0.238       1.044       0.030    0.68%       0.100      0.140      0.180
             146.000       0.026       0.375       0.730    0.68%       0.230      0.380
     D_G1EL                0.637      -0.571       0.000   36.27%       0.000      1.000      1.000
             204.000       0.231      -1.674       1.000   63.73%       1.000      1.000


THE MODEL ESTIMATION TERMINATED NORMALLY

     THE STANDARD ERRORS OF THE MODEL PARAMETER ESTIMATES MAY NOT BE
     TRUSTWORTHY FOR SOME PARAMETERS DUE TO A NON-POSITIVE DEFINITE
     FIRST-ORDER DERIVATIVE PRODUCT MATRIX.  THIS MAY BE DUE TO THE STARTING
     VALUES BUT MAY ALSO BE AN INDICATION OF MODEL NONIDENTIFICATION.  THE
     CONDITION NUMBER IS      -0.252D-16.  PROBLEM INVOLVING THE FOLLOWING PARAMETER:
     Parameter 5, G1ENGTD ON D_G1EL

     THIS IS MOST LIKELY DUE TO HAVING MORE PARAMETERS THAN THE NUMBER
     OF CLUSTERS MINUS THE NUMBER OF STRATA WITH MORE THAN ONE CLUSTER.




MODEL FIT INFORMATION

Number of Free Parameters                       18

Loglikelihood

          H0 Value                         220.752
          H0 Scaling Correction Factor      3.1404
            for MLR
          H1 Value                         220.752
          H1 Scaling Correction Factor      3.1404
            for MLR

Information Criteria

          Akaike (AIC)                    -405.503
          Bayesian (BIC)                  -345.777
          Sample-Size Adjusted BIC        -402.806
            (n* = (n + 2) / 24)

Chi-Square Test of Model Fit

          Value                              0.000*
          Degrees of Freedom                     0
          P-Value                           0.0000
          Scaling Correction Factor         1.0000
            for MLR

*   The chi-square value for MLM, MLMV, MLR, ULSMV, WLSM and WLSMV cannot be used
    for chi-square difference testing in the regular way.  MLM, MLR and WLSM
    chi-square difference testing is described on the Mplus website.  MLMV, WLSMV,
    and ULSMV difference testing is done using the DIFFTEST option.

RMSEA (Root Mean Square Error Of Approximation)

          Estimate                           0.000
          90 Percent C.I.                    0.000  0.000
          Probability RMSEA <= .05           0.000

CFI/TLI

          CFI                                1.000
          TLI                                1.000

Chi-Square Test of Model Fit for the Baseline Model

          Value                            128.444
          Degrees of Freedom                    10
          P-Value                           0.0000

SRMR (Standardized Root Mean Square Residual)

          Value                              0.000



MODEL RESULTS

                                                    Two-Tailed
                    Estimate       S.E.  Est./S.E.    P-Value

 G3ENGTD  ON
    G1ENGTD            0.390      0.048      8.096      0.000
    G1SPNTD            0.189      0.055      3.424      0.001
    D_G1EL             0.034      0.020      1.658      0.097

 G3SPNTD  ON
    G1ENGTD           -0.088      0.079     -1.116      0.264
    G1SPNTD            0.523      0.054      9.681      0.000
    D_G1EL            -0.009      0.021     -0.449      0.653

 G1ENGTD  ON
    D_G1EL             0.110      0.012      9.309      0.000

 G1SPNTD  ON
    D_G1EL            -0.010      0.035     -0.288      0.774

 G1ENGTD  WITH
    G1SPNTD            0.010      0.006      1.599      0.110

 G3ENGTD  WITH
    G3SPNTD            0.003      0.000      7.009      0.000

 Intercepts
    G1ENGTD            0.411      0.038     10.833      0.000
    G3ENGTD           -0.092      0.026     -3.517      0.000
    G1SPNTD            0.408      0.058      7.029      0.000
    G3SPNTD            0.091      0.033      2.706      0.007

 Residual Variances
    G1ENGTD            0.042      0.006      7.003      0.000
    G3ENGTD            0.021      0.005      3.988      0.000
    G1SPNTD            0.054      0.014      3.809      0.000
    G3SPNTD            0.013      0.004      3.542      0.000


QUALITY OF NUMERICAL RESULTS

     Condition Number for the Information Matrix              0.287E-03
       (ratio of smallest to largest eigenvalue)


STANDARDIZED MODEL RESULTS


STDYX Standardization

                                                    Two-Tailed
                    Estimate       S.E.  Est./S.E.    P-Value

 G3ENGTD  ON
    G1ENGTD            0.459      0.048      9.633      0.000
    G1SPNTD            0.246      0.047      5.222      0.000
    D_G1EL             0.090      0.059      1.532      0.126

 G3SPNTD  ON
    G1ENGTD           -0.114      0.098     -1.161      0.245
    G1SPNTD            0.741      0.037     19.865      0.000
    D_G1EL            -0.027      0.063     -0.431      0.667

 G1ENGTD  ON
    D_G1EL             0.251      0.028      9.079      0.000

 G1SPNTD  ON
    D_G1EL            -0.020      0.069     -0.296      0.767

 G1ENGTD  WITH
    G1SPNTD            0.205      0.120      1.702      0.089

 G3ENGTD  WITH
    G3SPNTD            0.184      0.012     15.632      0.000

 Intercepts
    G1ENGTD            1.946      0.275      7.086      0.000
    G3ENGTD           -0.515      0.164     -3.145      0.002
    G1SPNTD            1.751      0.103     16.986      0.000
    G3SPNTD            0.551      0.201      2.737      0.006

 Residual Variances
    G1ENGTD            0.937      0.014     67.615      0.000
    G3ENGTD            0.657      0.088      7.481      0.000
    G1SPNTD            1.000      0.003    353.544      0.000
    G3SPNTD            0.467      0.055      8.428      0.000


R-SQUARE

    Observed                                        Two-Tailed
    Variable        Estimate       S.E.  Est./S.E.    P-Value

    G1ENGTD            0.063      0.014      4.539      0.000
    G3ENGTD            0.343      0.088      3.899      0.000
    G1SPNTD            0.000      0.003      0.148      0.882
    G3SPNTD            0.533      0.055      9.627      0.000


MODEL MODIFICATION INDICES

NOTE:  Modification indices for direct effects of observed dependent variables
regressed on covariates may not be included.  To include these, request
MODINDICES (ALL).

Minimum M.I. value for printing the modification index    10.000

                                   M.I.     E.P.C.  Std E.P.C.  StdYX E.P.C.

WITH Statements

G1SPNTD  WITH G3ENGTD            999.000     0.000      0.000        0.000
G3SPNTD  WITH G1ENGTD            999.000     0.000      0.000        0.000
G3SPNTD  WITH G1SPNTD            999.000     0.000      0.000        0.000


TECHNICAL 1 OUTPUT


     PARAMETER SPECIFICATION


           NU
              G1ENGTD       G3ENGTD       G1SPNTD       G3SPNTD       D_G1EL
              ________      ________      ________      ________      ________
                  0             0             0             0             0


           LAMBDA
              G1ENGTD       G3ENGTD       G1SPNTD       G3SPNTD       D_G1EL
              ________      ________      ________      ________      ________
 G1ENGTD            0             0             0             0             0
 G3ENGTD            0             0             0             0             0
 G1SPNTD            0             0             0             0             0
 G3SPNTD            0             0             0             0             0
 D_G1EL             0             0             0             0             0


           THETA
              G1ENGTD       G3ENGTD       G1SPNTD       G3SPNTD       D_G1EL
              ________      ________      ________      ________      ________
 G1ENGTD            0
 G3ENGTD            0             0
 G1SPNTD            0             0             0
 G3SPNTD            0             0             0             0
 D_G1EL             0             0             0             0             0


           ALPHA
              G1ENGTD       G3ENGTD       G1SPNTD       G3SPNTD       D_G1EL
              ________      ________      ________      ________      ________
                  1             2             3             4             0


           BETA
              G1ENGTD       G3ENGTD       G1SPNTD       G3SPNTD       D_G1EL
              ________      ________      ________      ________      ________
 G1ENGTD            0             0             0             0             5
 G3ENGTD            6             0             7             0             8
 G1SPNTD            0             0             0             0             9
 G3SPNTD           10             0            11             0            12
 D_G1EL             0             0             0             0             0


           PSI
              G1ENGTD       G3ENGTD       G1SPNTD       G3SPNTD       D_G1EL
              ________      ________      ________      ________      ________
 G1ENGTD           13
 G3ENGTD            0            14
 G1SPNTD           15             0            16
 G3SPNTD            0            17             0            18
 D_G1EL             0             0             0             0             0


     STARTING VALUES


           NU
              G1ENGTD       G3ENGTD       G1SPNTD       G3SPNTD       D_G1EL
              ________      ________      ________      ________      ________
                0.000         0.000         0.000         0.000         0.000


           LAMBDA
              G1ENGTD       G3ENGTD       G1SPNTD       G3SPNTD       D_G1EL
              ________      ________      ________      ________      ________
 G1ENGTD        1.000         0.000         0.000         0.000         0.000
 G3ENGTD        0.000         1.000         0.000         0.000         0.000
 G1SPNTD        0.000         0.000         1.000         0.000         0.000
 G3SPNTD        0.000         0.000         0.000         1.000         0.000
 D_G1EL         0.000         0.000         0.000         0.000         1.000


           THETA
              G1ENGTD       G3ENGTD       G1SPNTD       G3SPNTD       D_G1EL
              ________      ________      ________      ________      ________
 G1ENGTD        0.000
 G3ENGTD        0.000         0.000
 G1SPNTD        0.000         0.000         0.000
 G3SPNTD        0.000         0.000         0.000         0.000
 D_G1EL         0.000         0.000         0.000         0.000         0.000


           ALPHA
              G1ENGTD       G3ENGTD       G1SPNTD       G3SPNTD       D_G1EL
              ________      ________      ________      ________      ________
                0.479         0.188         0.405         0.238         0.637


           BETA
              G1ENGTD       G3ENGTD       G1SPNTD       G3SPNTD       D_G1EL
              ________      ________      ________      ________      ________
 G1ENGTD        0.000         0.000         0.000         0.000         0.000
 G3ENGTD        0.000         0.000         0.000         0.000         0.000
 G1SPNTD        0.000         0.000         0.000         0.000         0.000
 G3SPNTD        0.000         0.000         0.000         0.000         0.000
 D_G1EL         0.000         0.000         0.000         0.000         0.000


           PSI
              G1ENGTD       G3ENGTD       G1SPNTD       G3SPNTD       D_G1EL
              ________      ________      ________      ________      ________
 G1ENGTD        0.022
 G3ENGTD        0.000         0.016
 G1SPNTD        0.000         0.000         0.027
 G3SPNTD        0.000         0.000         0.000         0.013
 D_G1EL         0.000         0.000         0.000         0.000         0.231


DIAGRAM INFORMATION

  Use View Diagram under the Diagram menu in the Mplus Editor to view the diagram.
  If running Mplus from the Mplus Diagrammer, the diagram opens automatically.

  Diagram output
    /Users/moonys/Library/Mobile Documents/com~apple~CloudDocs/Desktop/Research/spn-eng-spelling-mplus/Figure4-English-S

     Beginning Time:  10:17:50
        Ending Time:  10:17:50
       Elapsed Time:  00:00:00



MUTHEN & MUTHEN
3463 Stoner Ave.
Los Angeles, CA  90066

Tel: (310) 391-9971
Fax: (310) 391-8971
Web: www.StatModel.com
Support: Support@StatModel.com

Copyright (c) 1998-2024 Muthen & Muthen
