Mplus VERSION 8.11 (Mac)
MUTHEN & MUTHEN
03/23/2026  10:16 AM

INPUT INSTRUCTIONS

  TITLE:
    Figure 4: Relations between English and Spanish Text Distance Scores in Grades 1 and 3

  DATA:
    FILE = Eng-SpnFinalData.dat;

  VARIABLE:
    NAMES =
      child_id sch_id d_female race d_hisp d_white d_asian d_g1farl d_g1el
      d_g1serv d_g1sspe d_g1sld d_g1saut d_g1soth d_g1dual d_g3farl d_g3el
      g3el_cat d_g3dual d_g3serv d_g3attr d_chdual g1engmis g1engsp g1engdl
      g1engdlr g1engcs g1engtd g3engmis g3engsp g3engdl g3engdlr g3engcs
      g3engtd g1spnmis g1spnsp g1spndl g1spndlr g1spncs g1spntd g3spnmis
      g3spnsp g3spndl g3spndlr g3spncs g3spntd zg1engsp zg1engdl zg1engcs
      zg1engtd zg3engsp zg3engdl zg3engcs zg3engtd zg1spnsp zg1spndl zg1spncs
      zg1spntd zg3spnsp zg3spndl zg3spncs zg3spntd gender ethnic s_g1farl
      s_g1serv s_g3serv;

    MISSING ARE ALL (9999);

    USEVARIABLES =
      g1engtd g3engtd g1spntd g3spntd d_g1el;

  ANALYSIS:
    ITERATIONS = 10000;
    CONVERGENCE = 0.001;
    ESTIMATOR = MLR;

  MODEL:
    ! Cross-lagged effects
    g3engtd ON g1engtd g1spntd;
    g3spntd ON g1engtd g1spntd;

    ! Within-time covariances
    g1engtd WITH g1spntd;
    g3engtd WITH g3spntd;

    ! Covariates
    g1engtd g3engtd g1spntd g3spntd ON d_g1el;

  OUTPUT:
    STDYX MODINDICES SAMPSTAT;



*** WARNING
  Data set contains cases with missing on all variables.
  These cases were not included in the analysis.
  Number of cases with missing on all variables:  1
*** WARNING
  Data set contains cases with missing on all variables except
  x-variables.  These cases were not included in the analysis.
  Number of cases with missing on all variables except x-variables:  1
   2 WARNING(S) FOUND IN THE INPUT INSTRUCTIONS




Figure 4: Relations between English and Spanish Text Distance Scores in Grades 1 and 3

SUMMARY OF ANALYSIS

Number of groups                                                 1
Number of observations                                         209

Number of dependent variables                                    4
Number of independent variables                                  1
Number of continuous latent variables                            0

Observed dependent variables

  Continuous
   G1ENGTD     G3ENGTD     G1SPNTD     G3SPNTD

Observed independent variables
   D_G1EL


Estimator                                                      MLR
Information matrix                                        OBSERVED
Maximum number of iterations                                 10000
Convergence criterion                                    0.100D-02
Maximum number of steepest descent iterations                   20
Maximum number of iterations for H1                           2000
Convergence criterion for H1                             0.100D-03

Input data file(s)
  Eng-SpnFinalData.dat

Input data format  FREE


SUMMARY OF DATA

     Number of missing data patterns             9


COVARIANCE COVERAGE OF DATA

Minimum covariance coverage value   0.100


     PROPORTION OF DATA PRESENT


           Covariance Coverage
              G1ENGTD       G3ENGTD       G1SPNTD       G3SPNTD       D_G1EL
              ________      ________      ________      ________      ________
 G1ENGTD        0.904
 G3ENGTD        0.636         0.722
 G1SPNTD        0.866         0.636         0.904
 G3SPNTD        0.636         0.718         0.636         0.722
 D_G1EL         0.904         0.722         0.904         0.722         1.000


SAMPLE STATISTICS


     ESTIMATED SAMPLE STATISTICS


           Means
              G1ENGTD       G3ENGTD       G1SPNTD       G3SPNTD       D_G1EL
              ________      ________      ________      ________      ________
                0.487         0.192         0.402         0.257         0.627


           Covariances
              G1ENGTD       G3ENGTD       G1SPNTD       G3SPNTD       D_G1EL
              ________      ________      ________      ________      ________
 G1ENGTD        0.045
 G3ENGTD        0.019         0.031
 G1SPNTD        0.009         0.013         0.053
 G3SPNTD        0.002         0.008         0.027         0.027
 D_G1EL         0.022         0.016        -0.002        -0.008         0.234


           Correlations
              G1ENGTD       G3ENGTD       G1SPNTD       G3SPNTD       D_G1EL
              ________      ________      ________      ________      ________
 G1ENGTD        1.000
 G3ENGTD        0.510         1.000
 G1SPNTD        0.192         0.329         1.000
 G3SPNTD        0.051         0.282         0.715         1.000
 D_G1EL         0.216         0.191        -0.014        -0.098         1.000


     MAXIMUM LOG-LIKELIHOOD VALUE FOR THE UNRESTRICTED (H1) MODEL IS 80.124


UNIVARIATE SAMPLE STATISTICS


     UNIVARIATE HIGHER-ORDER MOMENT DESCRIPTIVE STATISTICS

         Variable/         Mean/     Skewness/   Minimum/ % with                Percentiles
        Sample Size      Variance    Kurtosis    Maximum  Min/Max      20%/60%    40%/80%    Median

     G1ENGTD               0.485       0.000       0.000    0.53%       0.300      0.420      0.480
             189.000       0.045      -0.572       1.000    0.53%       0.550      0.680
     G3ENGTD               0.188       1.434       0.000    3.31%       0.040      0.080      0.140
             151.000       0.031       2.801       1.000    0.66%       0.200      0.340
     G1SPNTD               0.405       0.828       0.090    0.53%       0.180      0.310      0.370
             189.000       0.053      -0.116       1.000    1.06%       0.420      0.570
     G3SPNTD               0.243       0.964       0.030    0.66%       0.110      0.150      0.180
             151.000       0.026       0.199       0.730    0.66%       0.260      0.390
     D_G1EL                0.627      -0.524       0.000   37.32%       0.000      1.000      1.000
             209.000       0.234      -1.725       1.000   62.68%       1.000      1.000


THE MODEL ESTIMATION TERMINATED NORMALLY



MODEL FIT INFORMATION

Number of Free Parameters                       18

Loglikelihood

          H0 Value                         224.869
          H0 Scaling Correction Factor      1.2927
            for MLR
          H1 Value                         224.869
          H1 Scaling Correction Factor      1.2927
            for MLR

Information Criteria

          Akaike (AIC)                    -413.738
          Bayesian (BIC)                  -353.576
          Sample-Size Adjusted BIC        -410.609
            (n* = (n + 2) / 24)

Chi-Square Test of Model Fit

          Value                              0.000*
          Degrees of Freedom                     0
          P-Value                           0.0000
          Scaling Correction Factor         1.0000
            for MLR

*   The chi-square value for MLM, MLMV, MLR, ULSMV, WLSM and WLSMV cannot be used
    for chi-square difference testing in the regular way.  MLM, MLR and WLSM
    chi-square difference testing is described on the Mplus website.  MLMV, WLSMV,
    and ULSMV difference testing is done using the DIFFTEST option.

RMSEA (Root Mean Square Error Of Approximation)

          Estimate                           0.000
          90 Percent C.I.                    0.000  0.000
          Probability RMSEA <= .05           0.000

CFI/TLI

          CFI                                1.000
          TLI                                1.000

Chi-Square Test of Model Fit for the Baseline Model

          Value                            114.414
          Degrees of Freedom                    10
          P-Value                           0.0000

SRMR (Standardized Root Mean Square Residual)

          Value                              0.000



MODEL RESULTS

                                                    Two-Tailed
                    Estimate       S.E.  Est./S.E.    P-Value

 G3ENGTD  ON
    G1ENGTD            0.367      0.054      6.790      0.000
    G1SPNTD            0.189      0.053      3.541      0.000
    D_G1EL             0.036      0.026      1.401      0.161

 G3SPNTD  ON
    G1ENGTD           -0.057      0.048     -1.175      0.240
    G1SPNTD            0.522      0.055      9.456      0.000
    D_G1EL            -0.025      0.020     -1.235      0.217

 G1ENGTD  ON
    D_G1EL             0.095      0.032      2.942      0.003

 G1SPNTD  ON
    D_G1EL            -0.006      0.035     -0.185      0.853

 G1ENGTD  WITH
    G1SPNTD            0.010      0.004      2.309      0.021

 G3ENGTD  WITH
    G3SPNTD            0.003      0.001      2.292      0.022

 Intercepts
    G1ENGTD            0.427      0.027     15.653      0.000
    G3ENGTD           -0.086      0.036     -2.398      0.016
    G1SPNTD            0.406      0.029     13.898      0.000
    G3SPNTD            0.091      0.027      3.410      0.001

 Residual Variances
    G1ENGTD            0.043      0.004     11.021      0.000
    G3ENGTD            0.021      0.006      3.770      0.000
    G1SPNTD            0.053      0.005     10.014      0.000
    G3SPNTD            0.013      0.002      6.584      0.000


QUALITY OF NUMERICAL RESULTS

     Condition Number for the Information Matrix              0.323E-03
       (ratio of smallest to largest eigenvalue)


STANDARDIZED MODEL RESULTS


STDYX Standardization

                                                    Two-Tailed
                    Estimate       S.E.  Est./S.E.    P-Value

 G3ENGTD  ON
    G1ENGTD            0.441      0.062      7.076      0.000
    G1SPNTD            0.246      0.074      3.332      0.001
    D_G1EL             0.099      0.074      1.330      0.184

 G3SPNTD  ON
    G1ENGTD           -0.073      0.061     -1.186      0.236
    G1SPNTD            0.728      0.051     14.157      0.000
    D_G1EL            -0.072      0.059     -1.222      0.222

 G1ENGTD  ON
    D_G1EL             0.216      0.073      2.985      0.003

 G1SPNTD  ON
    D_G1EL            -0.014      0.074     -0.185      0.853

 G1ENGTD  WITH
    G1SPNTD            0.199      0.084      2.366      0.018

 G3ENGTD  WITH
    G3SPNTD            0.165      0.081      2.052      0.040

 Intercepts
    G1ENGTD            2.007      0.163     12.313      0.000
    G3ENGTD           -0.484      0.213     -2.272      0.023
    G1SPNTD            1.759      0.116     15.127      0.000
    G3SPNTD            0.548      0.172      3.193      0.001

 Residual Variances
    G1ENGTD            0.953      0.031     30.354      0.000
    G3ENGTD            0.675      0.094      7.196      0.000
    G1SPNTD            1.000      0.002    498.889      0.000
    G3SPNTD            0.476      0.068      6.994      0.000


R-SQUARE

    Observed                                        Two-Tailed
    Variable        Estimate       S.E.  Est./S.E.    P-Value

    G1ENGTD            0.047      0.031      1.493      0.136
    G3ENGTD            0.325      0.094      3.462      0.001
    G1SPNTD            0.000      0.002      0.093      0.926
    G3SPNTD            0.524      0.068      7.690      0.000


MODEL MODIFICATION INDICES

NOTE:  Modification indices for direct effects of observed dependent variables
regressed on covariates may not be included.  To include these, request
MODINDICES (ALL).

Minimum M.I. value for printing the modification index    10.000

                                   M.I.     E.P.C.  Std E.P.C.  StdYX E.P.C.

WITH Statements

G3SPNTD  WITH G1SPNTD            999.000     0.000      0.000        0.000


DIAGRAM INFORMATION

  Use View Diagram under the Diagram menu in the Mplus Editor to view the diagram.
  If running Mplus from the Mplus Diagrammer, the diagram opens automatically.

  Diagram output
    /Users/moonys/Library/Mobile Documents/com~apple~CloudDocs/Desktop/Research/spn-eng-spelling-mplus/Figure4-English-S

     Beginning Time:  10:16:30
        Ending Time:  10:16:30
       Elapsed Time:  00:00:00



MUTHEN & MUTHEN
3463 Stoner Ave.
Los Angeles, CA  90066

Tel: (310) 391-9971
Fax: (310) 391-8971
Web: www.StatModel.com
Support: Support@StatModel.com

Copyright (c) 1998-2024 Muthen & Muthen
