Mplus VERSION 8.11 (Mac)
MUTHEN & MUTHEN
03/23/2026  10:41 AM

INPUT INSTRUCTIONS

  TITLE:
    Figure 5: Sensitivity Check - Exclude program change

  DATA:
    FILE = Eng-SpnFinalData(drop_chdual).dat;

  VARIABLE:
    NAMES =
      child_id sch_id d_female race d_hisp d_white d_asian d_g1farl d_g1el
      d_g1serv d_g1sspe d_g1sld d_g1saut d_g1soth d_g1dual d_g3farl d_g3el
      g3el_cat d_g3dual d_g3serv d_g3attr d_chdual g1engmis g1engsp g1engdl
      g1engdlr g1engcs g1engtd g3engmis g3engsp g3engdl g3engdlr g3engcs
      g3engtd g1spnmis g1spnsp g1spndl g1spndlr g1spncs g1spntd g3spnmis
      g3spnsp g3spndl g3spndlr g3spncs g3spntd zg1engsp zg1engdl zg1engcs
      zg1engtd zg3engsp zg3engdl zg3engcs zg3engtd zg1spnsp zg1spndl zg1spncs
      zg1spntd zg3spnsp zg3spndl zg3spncs zg3spntd gender ethnic s_g1farl
      s_g1serv s_g3serv;

    USEVARIABLES =
    zg1engsp zg3engsp zg1spnsp zg3spnsp d_g1el;

    CLUSTER = sch_id;
    MISSING ARE ALL (9999);

    GROUPING =
  		d_g1dual (0 = English 1 = Dual);

  ANALYSIS:
    TYPE = COMPLEX;
    Estimator = MLR;
    ITERATIONS = 10000;
    CONVERGENCE = 0.001;

  MODEL:
  !Model English Immersion
  zg3engsp ON zg1engsp ;
  zg3engsp ON zg1spnsp (b);
  zg3spnsp ON zg1engsp (c);
  zg3spnsp ON zg1spnsp (d);

  zg1engsp WITH zg1spnsp (e);
  zg3engsp WITH zg3spnsp (f);

  zg1engsp zg3engsp zg1spnsp zg3spnsp ON d_g1el;

  !Model Dual Immersion
  zg3engsp ON zg1engsp ;
  zg3engsp ON zg1spnsp (b);
  zg3spnsp ON zg1engsp (c);
  zg3spnsp ON zg1spnsp (d);

  zg1engsp WITH zg1spnsp (e);
  zg3engsp WITH zg3spnsp (f);

  zg1engsp zg3engsp zg1spnsp zg3spnsp ON d_g1el;

  OUTPUT:
  STDYX MODINDICES SAMPSTAT;



*** WARNING
  Data set contains cases with missing on all variables.
  These cases were not included in the analysis.
  Number of cases with missing on all variables:  1
*** WARNING
  Data set contains cases with missing on all variables except
  x-variables.  These cases were not included in the analysis.
  Number of cases with missing on all variables except x-variables:  1
   2 WARNING(S) FOUND IN THE INPUT INSTRUCTIONS




Figure 5: Sensitivity Check - Exclude program change

SUMMARY OF ANALYSIS

Number of groups                                                 2
Number of observations
   Group ENGLISH                                                81
   Group DUAL                                                  123
   Total sample size                                           204

Number of dependent variables                                    4
Number of independent variables                                  1
Number of continuous latent variables                            0

Observed dependent variables

  Continuous
   ZG1ENGSP    ZG3ENGSP    ZG1SPNSP    ZG3SPNSP

Observed independent variables
   D_G1EL

Variables with special functions

  Grouping variable     D_G1DUAL
  Cluster variable      SCH_ID

Estimator                                                      MLR
Information matrix                                        OBSERVED
Maximum number of iterations                                 10000
Convergence criterion                                    0.100D-02
Maximum number of steepest descent iterations                   20
Maximum number of iterations for H1                           2000
Convergence criterion for H1                             0.100D-03

Input data file(s)
  Eng-SpnFinalData(drop_chdual).dat

Input data format  FREE


SUMMARY OF DATA

   Group ENGLISH
     Number of missing data patterns             7
     Number of clusters                          4


   Group DUAL
     Number of missing data patterns             8
     Number of clusters                          3



COVARIANCE COVERAGE OF DATA

Minimum covariance coverage value   0.100


     PROPORTION OF DATA PRESENT FOR ENGLISH


           Covariance Coverage
              ZG1ENGSP      ZG3ENGSP      ZG1SPNSP      ZG3SPNSP      D_G1EL
              ________      ________      ________      ________      ________
 ZG1ENGSP       0.963
 ZG3ENGSP       0.593         0.617
 ZG1SPNSP       0.901         0.568         0.938
 ZG3SPNSP       0.580         0.605         0.556         0.605
 D_G1EL         0.963         0.617         0.938         0.605         1.000


     PROPORTION OF DATA PRESENT FOR DUAL


           Covariance Coverage
              ZG1ENGSP      ZG3ENGSP      ZG1SPNSP      ZG3SPNSP      D_G1EL
              ________      ________      ________      ________      ________
 ZG1ENGSP       0.862
 ZG3ENGSP       0.650         0.780
 ZG1SPNSP       0.837         0.667         0.878
 ZG3SPNSP       0.659         0.780         0.675         0.789
 D_G1EL         0.862         0.780         0.878         0.789         1.000


SAMPLE STATISTICS


     ESTIMATED SAMPLE STATISTICS FOR ENGLISH


           Means
              ZG1ENGSP      ZG3ENGSP      ZG1SPNSP      ZG3SPNSP      D_G1EL
              ________      ________      ________      ________      ________
                0.496         0.088        -0.507        -0.859         0.543


           Covariances
              ZG1ENGSP      ZG3ENGSP      ZG1SPNSP      ZG3SPNSP      D_G1EL
              ________      ________      ________      ________      ________
 ZG1ENGSP       1.391
 ZG3ENGSP       0.949         1.151
 ZG1SPNSP       0.233         0.220         0.348
 ZG3SPNSP       0.249         0.358         0.141         0.290
 D_G1EL        -0.163        -0.156        -0.015        -0.042         0.248


           Correlations
              ZG1ENGSP      ZG3ENGSP      ZG1SPNSP      ZG3SPNSP      D_G1EL
              ________      ________      ________      ________      ________
 ZG1ENGSP       1.000
 ZG3ENGSP       0.750         1.000
 ZG1SPNSP       0.335         0.348         1.000
 ZG3SPNSP       0.393         0.620         0.445         1.000
 D_G1EL        -0.278        -0.291        -0.051        -0.158         1.000


     ESTIMATED SAMPLE STATISTICS FOR DUAL


           Means
              ZG1ENGSP      ZG3ENGSP      ZG1SPNSP      ZG3SPNSP      D_G1EL
              ________      ________      ________      ________      ________
               -0.330        -0.055         0.378         0.448         0.699


           Covariances
              ZG1ENGSP      ZG3ENGSP      ZG1SPNSP      ZG3SPNSP      D_G1EL
              ________      ________      ________      ________      ________
 ZG1ENGSP       0.452
 ZG3ENGSP       0.238         0.996
 ZG1SPNSP       0.326         0.466         1.151
 ZG3SPNSP       0.161         0.454         0.553         0.717
 D_G1EL        -0.069        -0.104        -0.082        -0.010         0.210


           Correlations
              ZG1ENGSP      ZG3ENGSP      ZG1SPNSP      ZG3SPNSP      D_G1EL
              ________      ________      ________      ________      ________
 ZG1ENGSP       1.000
 ZG3ENGSP       0.354         1.000
 ZG1SPNSP       0.452         0.436         1.000
 ZG3SPNSP       0.284         0.537         0.609         1.000
 D_G1EL        -0.224        -0.228        -0.167        -0.025         1.000


     MAXIMUM LOG-LIKELIHOOD VALUE FOR THE UNRESTRICTED (H1) MODEL IS -869.158


UNIVARIATE SAMPLE STATISTICS


     UNIVARIATE HIGHER-ORDER MOMENT DESCRIPTIVE STATISTICS FOR ENGLISH

         Variable/         Mean/     Skewness/   Minimum/ % with                Percentiles
        Sample Size      Variance    Kurtosis    Maximum  Min/Max      20%/60%    40%/80%    Median

     ZG1ENGSP              0.478       1.841      -0.587   17.95%      -0.290      0.006      0.006
              78.000       1.403       3.117       4.753    1.28%       0.303      0.896
     ZG3ENGSP              0.071       0.027      -1.381    2.00%      -1.203     -0.313      0.398
              50.000       1.035      -1.469       1.644    6.00%       0.576      1.110
     ZG1SPNSP             -0.494       0.877      -1.131   28.95%      -1.131     -0.713     -0.713
              76.000       0.346       0.370       1.374    1.32%      -0.296      0.121
     ZG3SPNSP             -0.872       0.130      -1.705   12.24%      -1.386     -1.067     -1.067
              49.000       0.286      -0.935       0.209    4.08%      -0.748     -0.429
     D_G1EL                0.543      -0.173       0.000   45.68%       0.000      0.000      1.000
              81.000       0.248      -1.970       1.000   54.32%       1.000      1.000


     UNIVARIATE HIGHER-ORDER MOMENT DESCRIPTIVE STATISTICS FOR DUAL

         Variable/         Mean/     Skewness/   Minimum/ % with                Percentiles
        Sample Size      Variance    Kurtosis    Maximum  Min/Max      20%/60%    40%/80%    Median

     ZG1ENGSP             -0.327       3.813      -0.587   70.75%      -0.587     -0.587     -0.587
             106.000       0.453      15.325       3.566    0.94%      -0.587     -0.290
     ZG3ENGSP             -0.030      -0.027      -1.559    6.25%      -1.025     -0.491      0.042
              96.000       1.003      -1.407       1.644    2.08%       0.398      0.932
     ZG1SPNSP              0.369       0.324      -1.131   10.19%      -0.713     -0.296      0.121
             108.000       1.175      -1.096       2.626    1.85%       0.539      1.374
     ZG3SPNSP              0.489      -0.566      -1.705    1.03%      -0.429      0.528      0.528
              97.000       0.718      -0.443       2.123    1.03%       0.847      1.166
     D_G1EL                0.699      -0.869       0.000   30.08%       0.000      1.000      1.000
             123.000       0.210      -1.245       1.000   69.92%       1.000      1.000


THE MODEL ESTIMATION TERMINATED NORMALLY

     THE STANDARD ERRORS OF THE MODEL PARAMETER ESTIMATES MAY NOT BE
     TRUSTWORTHY FOR SOME PARAMETERS DUE TO A NON-POSITIVE DEFINITE
     FIRST-ORDER DERIVATIVE PRODUCT MATRIX.  THIS MAY BE DUE TO THE STARTING
     VALUES BUT MAY ALSO BE AN INDICATION OF MODEL NONIDENTIFICATION.  THE
     CONDITION NUMBER IS      -0.817D-16.  PROBLEM INVOLVING THE FOLLOWING PARAMETER:
     Parameter 5, Group ENGLISH: ZG1ENGSP ON D_G1EL

     THIS IS MOST LIKELY DUE TO HAVING MORE PARAMETERS THAN THE NUMBER
     OF CLUSTERS MINUS THE NUMBER OF STRATA WITH MORE THAN ONE CLUSTER.




MODEL FIT INFORMATION

Number of Free Parameters                       31

Loglikelihood

          H0 Value                        -733.182
          H0 Scaling Correction Factor      1.0575
            for MLR
          H1 Value                        -732.028
          H1 Scaling Correction Factor      1.0118
            for MLR

Information Criteria

          Akaike (AIC)                    1528.365
          Bayesian (BIC)                  1631.226
          Sample-Size Adjusted BIC        1533.009
            (n* = (n + 2) / 24)

Chi-Square Test of Model Fit

          Value                              3.166*
          Degrees of Freedom                     5
          P-Value                           0.6744
          Scaling Correction Factor         0.7290
            for MLR

Chi-Square Contribution From Each Group

          ENGLISH                            2.009
          DUAL                               1.158

*   The chi-square value for MLM, MLMV, MLR, ULSMV, WLSM and WLSMV cannot be used
    for chi-square difference testing in the regular way.  MLM, MLR and WLSM
    chi-square difference testing is described on the Mplus website.  MLMV, WLSMV,
    and ULSMV difference testing is done using the DIFFTEST option.

RMSEA (Root Mean Square Error Of Approximation)

          Estimate                           0.000
          90 Percent C.I.                    0.000  0.108
          Probability RMSEA <= .05           0.779

CFI/TLI

          CFI                                1.000
          TLI                                1.000

Chi-Square Test of Model Fit for the Baseline Model

          Value                            302.936
          Degrees of Freedom                    20
          P-Value                           0.0000

SRMR (Standardized Root Mean Square Residual)

          Value                              0.043



MODEL RESULTS

                                                    Two-Tailed
                    Estimate       S.E.  Est./S.E.    P-Value

Group ENGLISH

 ZG3ENGSP ON
    ZG1ENGSP           0.594      0.094      6.335      0.000
    ZG1SPNSP           0.301      0.081      3.720      0.000
    D_G1EL            -0.206      0.138     -1.500      0.134

 ZG3SPNSP ON
    ZG1ENGSP           0.080      0.057      1.400      0.162
    ZG1SPNSP           0.444      0.054      8.187      0.000
    D_G1EL            -0.078      0.050     -1.576      0.115

 ZG1ENGSP ON
    D_G1EL            -0.660      0.191     -3.450      0.001

 ZG1SPNSP ON
    D_G1EL            -0.059      0.056     -1.069      0.285

 ZG1ENGSP WITH
    ZG1SPNSP           0.270      0.044      6.118      0.000

 ZG3ENGSP WITH
    ZG3SPNSP           0.199      0.051      3.908      0.000

 Intercepts
    ZG1ENGSP           0.855      0.257      3.327      0.001
    ZG3ENGSP           0.061      0.066      0.928      0.353
    ZG1SPNSP          -0.477      0.159     -3.002      0.003
    ZG3SPNSP          -0.626      0.013    -47.320      0.000

 Residual Variances
    ZG1ENGSP           1.339      0.412      3.245      0.001
    ZG3ENGSP           0.526      0.067      7.886      0.000
    ZG1SPNSP           0.364      0.035     10.343      0.000
    ZG3SPNSP           0.232      0.048      4.839      0.000

Group DUAL

 ZG3ENGSP ON
    ZG1ENGSP           0.274      0.095      2.867      0.004
    ZG1SPNSP           0.301      0.081      3.720      0.000
    D_G1EL            -0.290      0.159     -1.818      0.069

 ZG3SPNSP ON
    ZG1ENGSP           0.080      0.057      1.400      0.162
    ZG1SPNSP           0.444      0.054      8.187      0.000
    D_G1EL             0.154      0.100      1.540      0.124

 ZG1ENGSP ON
    D_G1EL            -0.325      0.150     -2.169      0.030

 ZG1SPNSP ON
    D_G1EL            -0.389      0.384     -1.011      0.312

 ZG1ENGSP WITH
    ZG1SPNSP           0.270      0.044      6.118      0.000

 ZG3ENGSP WITH
    ZG3SPNSP           0.199      0.051      3.908      0.000

 Intercepts
    ZG1ENGSP          -0.101      0.105     -0.959      0.337
    ZG3ENGSP           0.124      0.276      0.451      0.652
    ZG1SPNSP           0.649      0.344      1.888      0.059
    ZG3SPNSP           0.201      0.077      2.622      0.009

 Residual Variances
    ZG1ENGSP           0.417      0.080      5.208      0.000
    ZG3ENGSP           0.727      0.088      8.284      0.000
    ZG1SPNSP           1.091      0.052     20.788      0.000
    ZG3SPNSP           0.430      0.017     25.832      0.000


QUALITY OF NUMERICAL RESULTS

     Condition Number for the Information Matrix              0.448E-02
       (ratio of smallest to largest eigenvalue)


STANDARDIZED MODEL RESULTS


STDYX Standardization

                                                    Two-Tailed
                    Estimate       S.E.  Est./S.E.    P-Value

Group ENGLISH

 ZG3ENGSP ON
    ZG1ENGSP           0.646      0.046     14.160      0.000
    ZG1SPNSP           0.164      0.038      4.305      0.000
    D_G1EL            -0.093      0.061     -1.518      0.129

 ZG3SPNSP ON
    ZG1ENGSP           0.166      0.095      1.751      0.080
    ZG1SPNSP           0.461      0.073      6.354      0.000
    D_G1EL            -0.067      0.046     -1.445      0.149

 ZG1ENGSP ON
    D_G1EL            -0.273      0.044     -6.148      0.000

 ZG1SPNSP ON
    D_G1EL            -0.049      0.044     -1.121      0.262

 ZG1ENGSP WITH
    ZG1SPNSP           0.386      0.046      8.347      0.000

 ZG3ENGSP WITH
    ZG3SPNSP           0.569      0.123      4.626      0.000

 Intercepts
    ZG1ENGSP           0.711      0.190      3.749      0.000
    ZG3ENGSP           0.055      0.057      0.967      0.334
    ZG1SPNSP          -0.791      0.301     -2.627      0.009
    ZG3SPNSP          -1.077      0.062    -17.387      0.000

 Residual Variances
    ZG1ENGSP           0.925      0.024     38.061      0.000
    ZG3ENGSP           0.431      0.062      6.950      0.000
    ZG1SPNSP           0.998      0.004    232.648      0.000
    ZG3SPNSP           0.687      0.083      8.318      0.000

Group DUAL

 ZG3ENGSP ON
    ZG1ENGSP           0.186      0.061      3.066      0.002
    ZG1SPNSP           0.327      0.087      3.762      0.000
    D_G1EL            -0.136      0.070     -1.954      0.051

 ZG3SPNSP ON
    ZG1ENGSP           0.065      0.046      1.419      0.156
    ZG1SPNSP           0.576      0.038     15.112      0.000
    D_G1EL             0.087      0.059      1.476      0.140

 ZG1ENGSP ON
    D_G1EL            -0.225      0.102     -2.207      0.027

 ZG1SPNSP ON
    D_G1EL            -0.168      0.160     -1.051      0.293

 ZG1ENGSP WITH
    ZG1SPNSP           0.400      0.037     10.872      0.000

 ZG3ENGSP WITH
    ZG3SPNSP           0.356      0.068      5.214      0.000

 Intercepts
    ZG1ENGSP          -0.152      0.166     -0.917      0.359
    ZG3ENGSP           0.127      0.278      0.459      0.646
    ZG1SPNSP           0.613      0.299      2.047      0.041
    ZG3SPNSP           0.245      0.097      2.526      0.012

 Residual Variances
    ZG1ENGSP           0.949      0.046     20.629      0.000
    ZG3ENGSP           0.763      0.023     33.839      0.000
    ZG1SPNSP           0.972      0.054     18.055      0.000
    ZG3SPNSP           0.644      0.048     13.528      0.000


R-SQUARE

Group ENGLISH

    Observed                                        Two-Tailed
    Variable        Estimate       S.E.  Est./S.E.    P-Value

    ZG1ENGSP           0.075      0.024      3.074      0.002
    ZG3ENGSP           0.569      0.062      9.190      0.000
    ZG1SPNSP           0.002      0.004      0.561      0.575
    ZG3SPNSP           0.313      0.083      3.785      0.000

Group DUAL

    Observed                                        Two-Tailed
    Variable        Estimate       S.E.  Est./S.E.    P-Value

    ZG1ENGSP           0.051      0.046      1.104      0.270
    ZG3ENGSP           0.237      0.023     10.533      0.000
    ZG1SPNSP           0.028      0.054      0.526      0.599
    ZG3SPNSP           0.356      0.048      7.474      0.000


MODEL MODIFICATION INDICES

NOTE:  Modification indices for direct effects of observed dependent variables
regressed on covariates may not be included.  To include these, request
MODINDICES (ALL).

Minimum M.I. value for printing the modification index    10.000

                                   M.I.     E.P.C.  Std E.P.C.  StdYX E.P.C.
Group ENGLISH


No modification indices above the minimum value.

Group DUAL


No modification indices above the minimum value.



TECHNICAL 1 OUTPUT


     PARAMETER SPECIFICATION FOR ENGLISH


           NU
              ZG1ENGSP      ZG3ENGSP      ZG1SPNSP      ZG3SPNSP      D_G1EL
              ________      ________      ________      ________      ________
                  0             0             0             0             0


           LAMBDA
              ZG1ENGSP      ZG3ENGSP      ZG1SPNSP      ZG3SPNSP      D_G1EL
              ________      ________      ________      ________      ________
 ZG1ENGSP           0             0             0             0             0
 ZG3ENGSP           0             0             0             0             0
 ZG1SPNSP           0             0             0             0             0
 ZG3SPNSP           0             0             0             0             0
 D_G1EL             0             0             0             0             0


           THETA
              ZG1ENGSP      ZG3ENGSP      ZG1SPNSP      ZG3SPNSP      D_G1EL
              ________      ________      ________      ________      ________
 ZG1ENGSP           0
 ZG3ENGSP           0             0
 ZG1SPNSP           0             0             0
 ZG3SPNSP           0             0             0             0
 D_G1EL             0             0             0             0             0


           ALPHA
              ZG1ENGSP      ZG3ENGSP      ZG1SPNSP      ZG3SPNSP      D_G1EL
              ________      ________      ________      ________      ________
                  1             2             3             4             0


           BETA
              ZG1ENGSP      ZG3ENGSP      ZG1SPNSP      ZG3SPNSP      D_G1EL
              ________      ________      ________      ________      ________
 ZG1ENGSP           0             0             0             0             5
 ZG3ENGSP           6             0             7             0             8
 ZG1SPNSP           0             0             0             0             9
 ZG3SPNSP          10             0            11             0            12
 D_G1EL             0             0             0             0             0


           PSI
              ZG1ENGSP      ZG3ENGSP      ZG1SPNSP      ZG3SPNSP      D_G1EL
              ________      ________      ________      ________      ________
 ZG1ENGSP          13
 ZG3ENGSP           0            14
 ZG1SPNSP          15             0            16
 ZG3SPNSP           0            17             0            18
 D_G1EL             0             0             0             0             0


     PARAMETER SPECIFICATION FOR DUAL


           NU
              ZG1ENGSP      ZG3ENGSP      ZG1SPNSP      ZG3SPNSP      D_G1EL
              ________      ________      ________      ________      ________
                  0             0             0             0             0


           LAMBDA
              ZG1ENGSP      ZG3ENGSP      ZG1SPNSP      ZG3SPNSP      D_G1EL
              ________      ________      ________      ________      ________
 ZG1ENGSP           0             0             0             0             0
 ZG3ENGSP           0             0             0             0             0
 ZG1SPNSP           0             0             0             0             0
 ZG3SPNSP           0             0             0             0             0
 D_G1EL             0             0             0             0             0


           THETA
              ZG1ENGSP      ZG3ENGSP      ZG1SPNSP      ZG3SPNSP      D_G1EL
              ________      ________      ________      ________      ________
 ZG1ENGSP           0
 ZG3ENGSP           0             0
 ZG1SPNSP           0             0             0
 ZG3SPNSP           0             0             0             0
 D_G1EL             0             0             0             0             0


           ALPHA
              ZG1ENGSP      ZG3ENGSP      ZG1SPNSP      ZG3SPNSP      D_G1EL
              ________      ________      ________      ________      ________
                 19            20            21            22             0


           BETA
              ZG1ENGSP      ZG3ENGSP      ZG1SPNSP      ZG3SPNSP      D_G1EL
              ________      ________      ________      ________      ________
 ZG1ENGSP           0             0             0             0            23
 ZG3ENGSP          24             0             7             0            25
 ZG1SPNSP           0             0             0             0            26
 ZG3SPNSP          10             0            11             0            27
 D_G1EL             0             0             0             0             0


           PSI
              ZG1ENGSP      ZG3ENGSP      ZG1SPNSP      ZG3SPNSP      D_G1EL
              ________      ________      ________      ________      ________
 ZG1ENGSP          28
 ZG3ENGSP           0            29
 ZG1SPNSP          15             0            30
 ZG3SPNSP           0            17             0            31
 D_G1EL             0             0             0             0             0


     STARTING VALUES FOR ENGLISH


           NU
              ZG1ENGSP      ZG3ENGSP      ZG1SPNSP      ZG3SPNSP      D_G1EL
              ________      ________      ________      ________      ________
                0.000         0.000         0.000         0.000         0.000


           LAMBDA
              ZG1ENGSP      ZG3ENGSP      ZG1SPNSP      ZG3SPNSP      D_G1EL
              ________      ________      ________      ________      ________
 ZG1ENGSP       1.000         0.000         0.000         0.000         0.000
 ZG3ENGSP       0.000         1.000         0.000         0.000         0.000
 ZG1SPNSP       0.000         0.000         1.000         0.000         0.000
 ZG3SPNSP       0.000         0.000         0.000         1.000         0.000
 D_G1EL         0.000         0.000         0.000         0.000         1.000


           THETA
              ZG1ENGSP      ZG3ENGSP      ZG1SPNSP      ZG3SPNSP      D_G1EL
              ________      ________      ________      ________      ________
 ZG1ENGSP       0.000
 ZG3ENGSP       0.000         0.000
 ZG1SPNSP       0.000         0.000         0.000
 ZG3SPNSP       0.000         0.000         0.000         0.000
 D_G1EL         0.000         0.000         0.000         0.000         0.000


           ALPHA
              ZG1ENGSP      ZG3ENGSP      ZG1SPNSP      ZG3SPNSP      D_G1EL
              ________      ________      ________      ________      ________
                0.478         0.071        -0.494        -0.872         0.543


           BETA
              ZG1ENGSP      ZG3ENGSP      ZG1SPNSP      ZG3SPNSP      D_G1EL
              ________      ________      ________      ________      ________
 ZG1ENGSP       0.000         0.000         0.000         0.000         0.000
 ZG3ENGSP       0.000         0.000         0.000         0.000         0.000
 ZG1SPNSP       0.000         0.000         0.000         0.000         0.000
 ZG3SPNSP       0.000         0.000         0.000         0.000         0.000
 D_G1EL         0.000         0.000         0.000         0.000         0.000


           PSI
              ZG1ENGSP      ZG3ENGSP      ZG1SPNSP      ZG3SPNSP      D_G1EL
              ________      ________      ________      ________      ________
 ZG1ENGSP       0.701
 ZG3ENGSP       0.000         0.517
 ZG1SPNSP       0.000         0.000         0.173
 ZG3SPNSP       0.000         0.000         0.000         0.143
 D_G1EL         0.000         0.000         0.000         0.000         0.248


     STARTING VALUES FOR DUAL


           NU
              ZG1ENGSP      ZG3ENGSP      ZG1SPNSP      ZG3SPNSP      D_G1EL
              ________      ________      ________      ________      ________
                0.000         0.000         0.000         0.000         0.000


           LAMBDA
              ZG1ENGSP      ZG3ENGSP      ZG1SPNSP      ZG3SPNSP      D_G1EL
              ________      ________      ________      ________      ________
 ZG1ENGSP       1.000         0.000         0.000         0.000         0.000
 ZG3ENGSP       0.000         1.000         0.000         0.000         0.000
 ZG1SPNSP       0.000         0.000         1.000         0.000         0.000
 ZG3SPNSP       0.000         0.000         0.000         1.000         0.000
 D_G1EL         0.000         0.000         0.000         0.000         1.000


           THETA
              ZG1ENGSP      ZG3ENGSP      ZG1SPNSP      ZG3SPNSP      D_G1EL
              ________      ________      ________      ________      ________
 ZG1ENGSP       0.000
 ZG3ENGSP       0.000         0.000
 ZG1SPNSP       0.000         0.000         0.000
 ZG3SPNSP       0.000         0.000         0.000         0.000
 D_G1EL         0.000         0.000         0.000         0.000         0.000


           ALPHA
              ZG1ENGSP      ZG3ENGSP      ZG1SPNSP      ZG3SPNSP      D_G1EL
              ________      ________      ________      ________      ________
                0.478         0.071        -0.494        -0.872         0.699


           BETA
              ZG1ENGSP      ZG3ENGSP      ZG1SPNSP      ZG3SPNSP      D_G1EL
              ________      ________      ________      ________      ________
 ZG1ENGSP       0.000         0.000         0.000         0.000         0.000
 ZG3ENGSP       0.000         0.000         0.000         0.000         0.000
 ZG1SPNSP       0.000         0.000         0.000         0.000         0.000
 ZG3SPNSP       0.000         0.000         0.000         0.000         0.000
 D_G1EL         0.000         0.000         0.000         0.000         0.000


           PSI
              ZG1ENGSP      ZG3ENGSP      ZG1SPNSP      ZG3SPNSP      D_G1EL
              ________      ________      ________      ________      ________
 ZG1ENGSP       0.701
 ZG3ENGSP       0.000         0.517
 ZG1SPNSP       0.000         0.000         0.173
 ZG3SPNSP       0.000         0.000         0.000         0.143
 D_G1EL         0.000         0.000         0.000         0.000         0.210


DIAGRAM INFORMATION

  Use View Diagram under the Diagram menu in the Mplus Editor to view the diagram.
  If running Mplus from the Mplus Diagrammer, the diagram opens automatically.

  Diagram output
    /Users/moonys/Library/Mobile Documents/com~apple~CloudDocs/Desktop/Research/spn-eng-spelling-mplus/Figure5-Multigrou

     Beginning Time:  10:41:37
        Ending Time:  10:41:37
       Elapsed Time:  00:00:00



MUTHEN & MUTHEN
3463 Stoner Ave.
Los Angeles, CA  90066

Tel: (310) 391-9971
Fax: (310) 391-8971
Web: www.StatModel.com
Support: Support@StatModel.com

Copyright (c) 1998-2024 Muthen & Muthen
