Mplus VERSION 8.11 (Mac)
MUTHEN & MUTHEN
03/23/2026  10:39 AM

INPUT INSTRUCTIONS

  TITLE:
    Figure 5: Final Multi-group Analysis with Correctness Scores

  DATA:
    FILE = Eng-SpnFinalData.dat;

  VARIABLE:
    NAMES =
      child_id sch_id d_female race d_hisp d_white d_asian d_g1farl d_g1el
      d_g1serv d_g1sspe d_g1sld d_g1saut d_g1soth d_g1dual d_g3farl d_g3el
      g3el_cat d_g3dual d_g3serv d_g3attr d_chdual g1engmis g1engsp g1engdl
      g1engdlr g1engcs g1engtd g3engmis g3engsp g3engdl g3engdlr g3engcs
      g3engtd g1spnmis g1spnsp g1spndl g1spndlr g1spncs g1spntd g3spnmis
      g3spnsp g3spndl g3spndlr g3spncs g3spntd zg1engsp zg1engdl zg1engcs
      zg1engtd zg3engsp zg3engdl zg3engcs zg3engtd zg1spnsp zg1spndl zg1spncs
      zg1spntd zg3spnsp zg3spndl zg3spncs zg3spntd gender ethnic s_g1farl
      s_g1serv s_g3serv;

    USEVARIABLES =
    zg1engsp zg3engsp zg1spnsp zg3spnsp d_g1el;

    CLUSTER = sch_id;
    MISSING ARE ALL (9999);

    GROUPING =
  		d_g1dual (0 = English 1 = Dual);

  ANALYSIS:
    TYPE = COMPLEX;
    Estimator = MLR;
    ITERATIONS = 10000;
    CONVERGENCE = 0.001;

  MODEL:
  !Model English Immersion
  zg3engsp ON zg1engsp ;
  zg3engsp ON zg1spnsp (b);
  zg3spnsp ON zg1engsp (c);
  zg3spnsp ON zg1spnsp (d);

  zg1engsp WITH zg1spnsp (e);
  zg3engsp WITH zg3spnsp (f);

  zg1engsp zg3engsp zg1spnsp zg3spnsp ON d_g1el;

  !Model Dual Immersion
  zg3engsp ON zg1engsp ;
  zg3engsp ON zg1spnsp (b);
  zg3spnsp ON zg1engsp (c);
  zg3spnsp ON zg1spnsp (d);

  zg1engsp WITH zg1spnsp (e);
  zg3engsp WITH zg3spnsp (f);

  zg1engsp zg3engsp zg1spnsp zg3spnsp ON d_g1el;

  OUTPUT:
  STDYX MODINDICES SAMPSTAT;



*** WARNING
  Data set contains cases with missing on all variables.
  These cases were not included in the analysis.
  Number of cases with missing on all variables:  1
*** WARNING
  Data set contains cases with missing on all variables except
  x-variables.  These cases were not included in the analysis.
  Number of cases with missing on all variables except x-variables:  1
   2 WARNING(S) FOUND IN THE INPUT INSTRUCTIONS




Figure 5: Final Multi-group Analysis with Correctness Scores

SUMMARY OF ANALYSIS

Number of groups                                                 2
Number of observations
   Group ENGLISH                                                81
   Group DUAL                                                  128
   Total sample size                                           209

Number of dependent variables                                    4
Number of independent variables                                  1
Number of continuous latent variables                            0

Observed dependent variables

  Continuous
   ZG1ENGSP    ZG3ENGSP    ZG1SPNSP    ZG3SPNSP

Observed independent variables
   D_G1EL

Variables with special functions

  Grouping variable     D_G1DUAL
  Cluster variable      SCH_ID

Estimator                                                      MLR
Information matrix                                        OBSERVED
Maximum number of iterations                                 10000
Convergence criterion                                    0.100D-02
Maximum number of steepest descent iterations                   20
Maximum number of iterations for H1                           2000
Convergence criterion for H1                             0.100D-03

Input data file(s)
  Eng-SpnFinalData.dat

Input data format  FREE


SUMMARY OF DATA

   Group ENGLISH
     Number of missing data patterns             7
     Number of clusters                          4


   Group DUAL
     Number of missing data patterns             8
     Number of clusters                          3



COVARIANCE COVERAGE OF DATA

Minimum covariance coverage value   0.100


     PROPORTION OF DATA PRESENT FOR ENGLISH


           Covariance Coverage
              ZG1ENGSP      ZG3ENGSP      ZG1SPNSP      ZG3SPNSP      D_G1EL
              ________      ________      ________      ________      ________
 ZG1ENGSP       0.963
 ZG3ENGSP       0.593         0.617
 ZG1SPNSP       0.901         0.568         0.938
 ZG3SPNSP       0.580         0.605         0.556         0.605
 D_G1EL         0.963         0.617         0.938         0.605         1.000


     PROPORTION OF DATA PRESENT FOR DUAL


           Covariance Coverage
              ZG1ENGSP      ZG3ENGSP      ZG1SPNSP      ZG3SPNSP      D_G1EL
              ________      ________      ________      ________      ________
 ZG1ENGSP       0.867
 ZG3ENGSP       0.664         0.789
 ZG1SPNSP       0.844         0.680         0.883
 ZG3SPNSP       0.672         0.789         0.688         0.797
 D_G1EL         0.867         0.789         0.883         0.797         1.000


SAMPLE STATISTICS


     ESTIMATED SAMPLE STATISTICS FOR ENGLISH


           Means
              ZG1ENGSP      ZG3ENGSP      ZG1SPNSP      ZG3SPNSP      D_G1EL
              ________      ________      ________      ________      ________
                0.496         0.088        -0.507        -0.859         0.543


           Covariances
              ZG1ENGSP      ZG3ENGSP      ZG1SPNSP      ZG3SPNSP      D_G1EL
              ________      ________      ________      ________      ________
 ZG1ENGSP       1.391
 ZG3ENGSP       0.949         1.151
 ZG1SPNSP       0.233         0.220         0.348
 ZG3SPNSP       0.249         0.358         0.141         0.290
 D_G1EL        -0.163        -0.156        -0.015        -0.042         0.248


           Correlations
              ZG1ENGSP      ZG3ENGSP      ZG1SPNSP      ZG3SPNSP      D_G1EL
              ________      ________      ________      ________      ________
 ZG1ENGSP       1.000
 ZG3ENGSP       0.750         1.000
 ZG1SPNSP       0.335         0.348         1.000
 ZG3SPNSP       0.393         0.620         0.445         1.000
 D_G1EL        -0.278        -0.291        -0.051        -0.158         1.000


     ESTIMATED SAMPLE STATISTICS FOR DUAL


           Means
              ZG1ENGSP      ZG3ENGSP      ZG1SPNSP      ZG3SPNSP      D_G1EL
              ________      ________      ________      ________      ________
               -0.338        -0.058         0.346         0.380         0.680


           Covariances
              ZG1ENGSP      ZG3ENGSP      ZG1SPNSP      ZG3SPNSP      D_G1EL
              ________      ________      ________      ________      ________
 ZG1ENGSP       0.434
 ZG3ENGSP       0.227         0.963
 ZG1SPNSP       0.318         0.449         1.133
 ZG3SPNSP       0.164         0.451         0.588         0.788
 D_G1EL        -0.063        -0.093        -0.065         0.023         0.218


           Correlations
              ZG1ENGSP      ZG3ENGSP      ZG1SPNSP      ZG3SPNSP      D_G1EL
              ________      ________      ________      ________      ________
 ZG1ENGSP       1.000
 ZG3ENGSP       0.350         1.000
 ZG1SPNSP       0.454         0.430         1.000
 ZG3SPNSP       0.280         0.518         0.622         1.000
 D_G1EL        -0.205        -0.203        -0.132         0.055         1.000


     MAXIMUM LOG-LIKELIHOOD VALUE FOR THE UNRESTRICTED (H1) MODEL IS -896.968


UNIVARIATE SAMPLE STATISTICS


     UNIVARIATE HIGHER-ORDER MOMENT DESCRIPTIVE STATISTICS FOR ENGLISH

         Variable/         Mean/     Skewness/   Minimum/ % with                Percentiles
        Sample Size      Variance    Kurtosis    Maximum  Min/Max      20%/60%    40%/80%    Median

     ZG1ENGSP              0.478       1.841      -0.587   17.95%      -0.290      0.006      0.006
              78.000       1.403       3.117       4.753    1.28%       0.303      0.896
     ZG3ENGSP              0.071       0.027      -1.381    2.00%      -1.203     -0.313      0.398
              50.000       1.035      -1.469       1.644    6.00%       0.576      1.110
     ZG1SPNSP             -0.494       0.877      -1.131   28.95%      -1.131     -0.713     -0.713
              76.000       0.346       0.370       1.374    1.32%      -0.296      0.121
     ZG3SPNSP             -0.872       0.130      -1.705   12.24%      -1.386     -1.067     -1.067
              49.000       0.286      -0.935       0.209    4.08%      -0.748     -0.429
     D_G1EL                0.543      -0.173       0.000   45.68%       0.000      0.000      1.000
              81.000       0.248      -1.970       1.000   54.32%       1.000      1.000


     UNIVARIATE HIGHER-ORDER MOMENT DESCRIPTIVE STATISTICS FOR DUAL

         Variable/         Mean/     Skewness/   Minimum/ % with                Percentiles
        Sample Size      Variance    Kurtosis    Maximum  Min/Max      20%/60%    40%/80%    Median

     ZG1ENGSP             -0.336       3.909      -0.587   71.17%      -0.587     -0.587     -0.587
             111.000       0.435      16.195       3.566    0.90%      -0.587     -0.290
     ZG3ENGSP             -0.035      -0.017      -1.559    5.94%      -1.025     -0.491      0.042
             101.000       0.969      -1.371       1.644    1.98%       0.398      0.932
     ZG1SPNSP              0.332       0.391      -1.131    9.73%      -0.713     -0.296      0.121
             113.000       1.157      -1.049       2.626    1.77%       0.539      1.374
     ZG3SPNSP              0.419      -0.521      -1.705    1.96%      -0.429      0.209      0.528
             102.000       0.793      -0.579       2.123    0.98%       0.847      1.166
     D_G1EL                0.680      -0.770       0.000   32.03%       0.000      1.000      1.000
             128.000       0.218      -1.407       1.000   67.97%       1.000      1.000


THE MODEL ESTIMATION TERMINATED NORMALLY

     THE STANDARD ERRORS OF THE MODEL PARAMETER ESTIMATES MAY NOT BE
     TRUSTWORTHY FOR SOME PARAMETERS DUE TO A NON-POSITIVE DEFINITE
     FIRST-ORDER DERIVATIVE PRODUCT MATRIX.  THIS MAY BE DUE TO THE STARTING
     VALUES BUT MAY ALSO BE AN INDICATION OF MODEL NONIDENTIFICATION.  THE
     CONDITION NUMBER IS      -0.122D-15.  PROBLEM INVOLVING THE FOLLOWING PARAMETER:
     Parameter 5, Group ENGLISH: ZG1ENGSP ON D_G1EL

     THIS IS MOST LIKELY DUE TO HAVING MORE PARAMETERS THAN THE NUMBER
     OF CLUSTERS MINUS THE NUMBER OF STRATA WITH MORE THAN ONE CLUSTER.




MODEL FIT INFORMATION

Number of Free Parameters                       31

Loglikelihood

          H0 Value                        -755.884
          H0 Scaling Correction Factor      1.1419
            for MLR
          H1 Value                        -754.431
          H1 Scaling Correction Factor      1.0988
            for MLR

Information Criteria

          Akaike (AIC)                    1573.767
          Bayesian (BIC)                  1677.380
          Sample-Size Adjusted BIC        1579.155
            (n* = (n + 2) / 24)

Chi-Square Test of Model Fit

          Value                              3.492*
          Degrees of Freedom                     5
          P-Value                           0.6246
          Scaling Correction Factor         0.8319
            for MLR

Chi-Square Contribution From Each Group

          ENGLISH                            2.358
          DUAL                               1.134

*   The chi-square value for MLM, MLMV, MLR, ULSMV, WLSM and WLSMV cannot be used
    for chi-square difference testing in the regular way.  MLM, MLR and WLSM
    chi-square difference testing is described on the Mplus website.  MLMV, WLSMV,
    and ULSMV difference testing is done using the DIFFTEST option.

RMSEA (Root Mean Square Error Of Approximation)

          Estimate                           0.000
          90 Percent C.I.                    0.000  0.113
          Probability RMSEA <= .05           0.742

CFI/TLI

          CFI                                1.000
          TLI                                1.000

Chi-Square Test of Model Fit for the Baseline Model

          Value                            291.460
          Degrees of Freedom                    20
          P-Value                           0.0000

SRMR (Standardized Root Mean Square Residual)

          Value                              0.050



MODEL RESULTS

                                                    Two-Tailed
                    Estimate       S.E.  Est./S.E.    P-Value

Group ENGLISH

 ZG3ENGSP ON
    ZG1ENGSP           0.598      0.094      6.351      0.000
    ZG1SPNSP           0.302      0.074      4.082      0.000
    D_G1EL            -0.204      0.138     -1.484      0.138

 ZG3SPNSP ON
    ZG1ENGSP           0.078      0.060      1.291      0.197
    ZG1SPNSP           0.478      0.071      6.769      0.000
    D_G1EL            -0.074      0.052     -1.436      0.151

 ZG1ENGSP ON
    D_G1EL            -0.660      0.191     -3.449      0.001

 ZG1SPNSP ON
    D_G1EL            -0.059      0.055     -1.072      0.284

 ZG1ENGSP WITH
    ZG1SPNSP           0.271      0.045      6.019      0.000

 ZG3ENGSP WITH
    ZG3SPNSP           0.198      0.053      3.755      0.000

 Intercepts
    ZG1ENGSP           0.855      0.257      3.325      0.001
    ZG3ENGSP           0.059      0.065      0.911      0.363
    ZG1SPNSP          -0.478      0.159     -3.015      0.003
    ZG3SPNSP          -0.609      0.025    -24.192      0.000

 Residual Variances
    ZG1ENGSP           1.341      0.416      3.221      0.001
    ZG3ENGSP           0.523      0.068      7.706      0.000
    ZG1SPNSP           0.364      0.035     10.531      0.000
    ZG3SPNSP           0.233      0.049      4.726      0.000

Group DUAL

 ZG3ENGSP ON
    ZG1ENGSP           0.269      0.090      3.003      0.003
    ZG1SPNSP           0.302      0.074      4.082      0.000
    D_G1EL            -0.259      0.114     -2.276      0.023

 ZG3SPNSP ON
    ZG1ENGSP           0.078      0.060      1.291      0.197
    ZG1SPNSP           0.478      0.071      6.769      0.000
    D_G1EL             0.273      0.017     16.034      0.000

 ZG1ENGSP ON
    D_G1EL            -0.286      0.171     -1.674      0.094

 ZG1SPNSP ON
    D_G1EL            -0.299      0.403     -0.741      0.459

 ZG1ENGSP WITH
    ZG1SPNSP           0.271      0.045      6.019      0.000

 ZG3ENGSP WITH
    ZG3SPNSP           0.198      0.053      3.755      0.000

 Intercepts
    ZG1ENGSP          -0.142      0.131     -1.086      0.277
    ZG3ENGSP           0.105      0.229      0.460      0.645
    ZG1SPNSP           0.548      0.363      1.507      0.132
    ZG3SPNSP           0.059      0.102      0.581      0.561

 Residual Variances
    ZG1ENGSP           0.404      0.079      5.080      0.000
    ZG3ENGSP           0.713      0.083      8.631      0.000
    ZG1SPNSP           1.086      0.064     17.038      0.000
    ZG3SPNSP           0.454      0.021     21.136      0.000


QUALITY OF NUMERICAL RESULTS

     Condition Number for the Information Matrix              0.455E-02
       (ratio of smallest to largest eigenvalue)


STANDARDIZED MODEL RESULTS


STDYX Standardization

                                                    Two-Tailed
                    Estimate       S.E.  Est./S.E.    P-Value

Group ENGLISH

 ZG3ENGSP ON
    ZG1ENGSP           0.649      0.040     16.083      0.000
    ZG1SPNSP           0.165      0.033      4.985      0.000
    D_G1EL            -0.092      0.061     -1.503      0.133

 ZG3SPNSP ON
    ZG1ENGSP           0.158      0.102      1.548      0.122
    ZG1SPNSP           0.488      0.084      5.815      0.000
    D_G1EL            -0.062      0.047     -1.321      0.187

 ZG1ENGSP ON
    D_G1EL            -0.273      0.044     -6.173      0.000

 ZG1SPNSP ON
    D_G1EL            -0.049      0.044     -1.122      0.262

 ZG1ENGSP WITH
    ZG1SPNSP           0.388      0.045      8.646      0.000

 ZG3ENGSP WITH
    ZG3SPNSP           0.566      0.124      4.572      0.000

 Intercepts
    ZG1ENGSP           0.710      0.189      3.755      0.000
    ZG3ENGSP           0.053      0.056      0.953      0.341
    ZG1SPNSP          -0.791      0.299     -2.644      0.008
    ZG3SPNSP          -1.029      0.074    -13.859      0.000

 Residual Variances
    ZG1ENGSP           0.925      0.024     38.301      0.000
    ZG3ENGSP           0.426      0.060      7.049      0.000
    ZG1SPNSP           0.998      0.004    233.706      0.000
    ZG3SPNSP           0.665      0.085      7.837      0.000

Group DUAL

 ZG3ENGSP ON
    ZG1ENGSP           0.182      0.056      3.242      0.001
    ZG1SPNSP           0.330      0.076      4.347      0.000
    D_G1EL            -0.126      0.051     -2.489      0.013

 ZG3SPNSP ON
    ZG1ENGSP           0.059      0.047      1.269      0.204
    ZG1SPNSP           0.589      0.044     13.543      0.000
    D_G1EL             0.149      0.018      8.077      0.000

 ZG1ENGSP ON
    D_G1EL            -0.206      0.116     -1.774      0.076

 ZG1SPNSP ON
    D_G1EL            -0.132      0.173     -0.764      0.445

 ZG1ENGSP WITH
    ZG1SPNSP           0.410      0.041     10.024      0.000

 ZG3ENGSP WITH
    ZG3SPNSP           0.348      0.070      4.935      0.000

 Intercepts
    ZG1ENGSP          -0.219      0.216     -1.011      0.312
    ZG3ENGSP           0.110      0.235      0.467      0.640
    ZG1SPNSP           0.521      0.323      1.610      0.107
    ZG3SPNSP           0.070      0.124      0.562      0.574

 Residual Variances
    ZG1ENGSP           0.958      0.048     20.064      0.000
    ZG3ENGSP           0.771      0.029     26.532      0.000
    ZG1SPNSP           0.982      0.046     21.382      0.000
    ZG3SPNSP           0.624      0.057     10.887      0.000


R-SQUARE

Group ENGLISH

    Observed                                        Two-Tailed
    Variable        Estimate       S.E.  Est./S.E.    P-Value

    ZG1ENGSP           0.075      0.024      3.086      0.002
    ZG3ENGSP           0.574      0.060      9.492      0.000
    ZG1SPNSP           0.002      0.004      0.561      0.575
    ZG3SPNSP           0.335      0.085      3.942      0.000

Group DUAL

    Observed                                        Two-Tailed
    Variable        Estimate       S.E.  Est./S.E.    P-Value

    ZG1ENGSP           0.042      0.048      0.887      0.375
    ZG3ENGSP           0.229      0.029      7.902      0.000
    ZG1SPNSP           0.018      0.046      0.382      0.703
    ZG3SPNSP           0.376      0.057      6.550      0.000


MODEL MODIFICATION INDICES

NOTE:  Modification indices for direct effects of observed dependent variables
regressed on covariates may not be included.  To include these, request
MODINDICES (ALL).

Minimum M.I. value for printing the modification index    10.000

                                   M.I.     E.P.C.  Std E.P.C.  StdYX E.P.C.
Group ENGLISH


WITH Statements

D_G1EL   WITH ZG3ENGSP           999.000     0.000      0.000        0.000
D_G1EL   WITH ZG3SPNSP           999.000     0.000      0.000        0.000

Group DUAL


WITH Statements

D_G1EL   WITH ZG1ENGSP           999.000     0.000      0.000        0.000
D_G1EL   WITH ZG3ENGSP           999.000     0.000      0.000        0.000
D_G1EL   WITH ZG3SPNSP           999.000     0.000      0.000        0.000



TECHNICAL 1 OUTPUT


     PARAMETER SPECIFICATION FOR ENGLISH


           NU
              ZG1ENGSP      ZG3ENGSP      ZG1SPNSP      ZG3SPNSP      D_G1EL
              ________      ________      ________      ________      ________
                  0             0             0             0             0


           LAMBDA
              ZG1ENGSP      ZG3ENGSP      ZG1SPNSP      ZG3SPNSP      D_G1EL
              ________      ________      ________      ________      ________
 ZG1ENGSP           0             0             0             0             0
 ZG3ENGSP           0             0             0             0             0
 ZG1SPNSP           0             0             0             0             0
 ZG3SPNSP           0             0             0             0             0
 D_G1EL             0             0             0             0             0


           THETA
              ZG1ENGSP      ZG3ENGSP      ZG1SPNSP      ZG3SPNSP      D_G1EL
              ________      ________      ________      ________      ________
 ZG1ENGSP           0
 ZG3ENGSP           0             0
 ZG1SPNSP           0             0             0
 ZG3SPNSP           0             0             0             0
 D_G1EL             0             0             0             0             0


           ALPHA
              ZG1ENGSP      ZG3ENGSP      ZG1SPNSP      ZG3SPNSP      D_G1EL
              ________      ________      ________      ________      ________
                  1             2             3             4             0


           BETA
              ZG1ENGSP      ZG3ENGSP      ZG1SPNSP      ZG3SPNSP      D_G1EL
              ________      ________      ________      ________      ________
 ZG1ENGSP           0             0             0             0             5
 ZG3ENGSP           6             0             7             0             8
 ZG1SPNSP           0             0             0             0             9
 ZG3SPNSP          10             0            11             0            12
 D_G1EL             0             0             0             0             0


           PSI
              ZG1ENGSP      ZG3ENGSP      ZG1SPNSP      ZG3SPNSP      D_G1EL
              ________      ________      ________      ________      ________
 ZG1ENGSP          13
 ZG3ENGSP           0            14
 ZG1SPNSP          15             0            16
 ZG3SPNSP           0            17             0            18
 D_G1EL             0             0             0             0             0


     PARAMETER SPECIFICATION FOR DUAL


           NU
              ZG1ENGSP      ZG3ENGSP      ZG1SPNSP      ZG3SPNSP      D_G1EL
              ________      ________      ________      ________      ________
                  0             0             0             0             0


           LAMBDA
              ZG1ENGSP      ZG3ENGSP      ZG1SPNSP      ZG3SPNSP      D_G1EL
              ________      ________      ________      ________      ________
 ZG1ENGSP           0             0             0             0             0
 ZG3ENGSP           0             0             0             0             0
 ZG1SPNSP           0             0             0             0             0
 ZG3SPNSP           0             0             0             0             0
 D_G1EL             0             0             0             0             0


           THETA
              ZG1ENGSP      ZG3ENGSP      ZG1SPNSP      ZG3SPNSP      D_G1EL
              ________      ________      ________      ________      ________
 ZG1ENGSP           0
 ZG3ENGSP           0             0
 ZG1SPNSP           0             0             0
 ZG3SPNSP           0             0             0             0
 D_G1EL             0             0             0             0             0


           ALPHA
              ZG1ENGSP      ZG3ENGSP      ZG1SPNSP      ZG3SPNSP      D_G1EL
              ________      ________      ________      ________      ________
                 19            20            21            22             0


           BETA
              ZG1ENGSP      ZG3ENGSP      ZG1SPNSP      ZG3SPNSP      D_G1EL
              ________      ________      ________      ________      ________
 ZG1ENGSP           0             0             0             0            23
 ZG3ENGSP          24             0             7             0            25
 ZG1SPNSP           0             0             0             0            26
 ZG3SPNSP          10             0            11             0            27
 D_G1EL             0             0             0             0             0


           PSI
              ZG1ENGSP      ZG3ENGSP      ZG1SPNSP      ZG3SPNSP      D_G1EL
              ________      ________      ________      ________      ________
 ZG1ENGSP          28
 ZG3ENGSP           0            29
 ZG1SPNSP          15             0            30
 ZG3SPNSP           0            17             0            31
 D_G1EL             0             0             0             0             0


     STARTING VALUES FOR ENGLISH


           NU
              ZG1ENGSP      ZG3ENGSP      ZG1SPNSP      ZG3SPNSP      D_G1EL
              ________      ________      ________      ________      ________
                0.000         0.000         0.000         0.000         0.000


           LAMBDA
              ZG1ENGSP      ZG3ENGSP      ZG1SPNSP      ZG3SPNSP      D_G1EL
              ________      ________      ________      ________      ________
 ZG1ENGSP       1.000         0.000         0.000         0.000         0.000
 ZG3ENGSP       0.000         1.000         0.000         0.000         0.000
 ZG1SPNSP       0.000         0.000         1.000         0.000         0.000
 ZG3SPNSP       0.000         0.000         0.000         1.000         0.000
 D_G1EL         0.000         0.000         0.000         0.000         1.000


           THETA
              ZG1ENGSP      ZG3ENGSP      ZG1SPNSP      ZG3SPNSP      D_G1EL
              ________      ________      ________      ________      ________
 ZG1ENGSP       0.000
 ZG3ENGSP       0.000         0.000
 ZG1SPNSP       0.000         0.000         0.000
 ZG3SPNSP       0.000         0.000         0.000         0.000
 D_G1EL         0.000         0.000         0.000         0.000         0.000


           ALPHA
              ZG1ENGSP      ZG3ENGSP      ZG1SPNSP      ZG3SPNSP      D_G1EL
              ________      ________      ________      ________      ________
                0.478         0.071        -0.494        -0.872         0.543


           BETA
              ZG1ENGSP      ZG3ENGSP      ZG1SPNSP      ZG3SPNSP      D_G1EL
              ________      ________      ________      ________      ________
 ZG1ENGSP       0.000         0.000         0.000         0.000         0.000
 ZG3ENGSP       0.000         0.000         0.000         0.000         0.000
 ZG1SPNSP       0.000         0.000         0.000         0.000         0.000
 ZG3SPNSP       0.000         0.000         0.000         0.000         0.000
 D_G1EL         0.000         0.000         0.000         0.000         0.000


           PSI
              ZG1ENGSP      ZG3ENGSP      ZG1SPNSP      ZG3SPNSP      D_G1EL
              ________      ________      ________      ________      ________
 ZG1ENGSP       0.701
 ZG3ENGSP       0.000         0.517
 ZG1SPNSP       0.000         0.000         0.173
 ZG3SPNSP       0.000         0.000         0.000         0.143
 D_G1EL         0.000         0.000         0.000         0.000         0.248


     STARTING VALUES FOR DUAL


           NU
              ZG1ENGSP      ZG3ENGSP      ZG1SPNSP      ZG3SPNSP      D_G1EL
              ________      ________      ________      ________      ________
                0.000         0.000         0.000         0.000         0.000


           LAMBDA
              ZG1ENGSP      ZG3ENGSP      ZG1SPNSP      ZG3SPNSP      D_G1EL
              ________      ________      ________      ________      ________
 ZG1ENGSP       1.000         0.000         0.000         0.000         0.000
 ZG3ENGSP       0.000         1.000         0.000         0.000         0.000
 ZG1SPNSP       0.000         0.000         1.000         0.000         0.000
 ZG3SPNSP       0.000         0.000         0.000         1.000         0.000
 D_G1EL         0.000         0.000         0.000         0.000         1.000


           THETA
              ZG1ENGSP      ZG3ENGSP      ZG1SPNSP      ZG3SPNSP      D_G1EL
              ________      ________      ________      ________      ________
 ZG1ENGSP       0.000
 ZG3ENGSP       0.000         0.000
 ZG1SPNSP       0.000         0.000         0.000
 ZG3SPNSP       0.000         0.000         0.000         0.000
 D_G1EL         0.000         0.000         0.000         0.000         0.000


           ALPHA
              ZG1ENGSP      ZG3ENGSP      ZG1SPNSP      ZG3SPNSP      D_G1EL
              ________      ________      ________      ________      ________
                0.478         0.071        -0.494        -0.872         0.680


           BETA
              ZG1ENGSP      ZG3ENGSP      ZG1SPNSP      ZG3SPNSP      D_G1EL
              ________      ________      ________      ________      ________
 ZG1ENGSP       0.000         0.000         0.000         0.000         0.000
 ZG3ENGSP       0.000         0.000         0.000         0.000         0.000
 ZG1SPNSP       0.000         0.000         0.000         0.000         0.000
 ZG3SPNSP       0.000         0.000         0.000         0.000         0.000
 D_G1EL         0.000         0.000         0.000         0.000         0.000


           PSI
              ZG1ENGSP      ZG3ENGSP      ZG1SPNSP      ZG3SPNSP      D_G1EL
              ________      ________      ________      ________      ________
 ZG1ENGSP       0.701
 ZG3ENGSP       0.000         0.517
 ZG1SPNSP       0.000         0.000         0.173
 ZG3SPNSP       0.000         0.000         0.000         0.143
 D_G1EL         0.000         0.000         0.000         0.000         0.218


DIAGRAM INFORMATION

  Use View Diagram under the Diagram menu in the Mplus Editor to view the diagram.
  If running Mplus from the Mplus Diagrammer, the diagram opens automatically.

  Diagram output
    /Users/moonys/Library/Mobile Documents/com~apple~CloudDocs/Desktop/Research/spn-eng-spelling-mplus/Figure5-Multigrou

     Beginning Time:  10:39:03
        Ending Time:  10:39:03
       Elapsed Time:  00:00:00



MUTHEN & MUTHEN
3463 Stoner Ave.
Los Angeles, CA  90066

Tel: (310) 391-9971
Fax: (310) 391-8971
Web: www.StatModel.com
Support: Support@StatModel.com

Copyright (c) 1998-2024 Muthen & Muthen
