Mplus VERSION 8.11 (Mac)
MUTHEN & MUTHEN
03/23/2026  10:47 AM

INPUT INSTRUCTIONS

  TITLE:
    Figure 6: Sensitivity Check - Cluster SE by school

  DATA:
    FILE = Eng-SpnFinalData.dat;

  VARIABLE:
    NAMES =
      child_id sch_id d_female race d_hisp d_white d_asian d_g1farl d_g1el
      d_g1serv d_g1sspe d_g1sld d_g1saut d_g1soth d_g1dual d_g3farl d_g3el
      g3el_cat d_g3dual d_g3serv d_g3attr d_chdual g1engmis g1engsp g1engdl
      g1engdlr g1engcs g1engtd g3engmis g3engsp g3engdl g3engdlr g3engcs
      g3engtd g1spnmis g1spnsp g1spndl g1spndlr g1spncs g1spntd g3spnmis
      g3spnsp g3spndl g3spndlr g3spncs g3spntd zg1engsp zg1engdl zg1engcs
      zg1engtd zg3engsp zg3engdl zg3engcs zg3engtd zg1spnsp zg1spndl zg1spncs
      zg1spntd zg3spnsp zg3spndl zg3spncs zg3spntd gender ethnic s_g1farl
      s_g1serv s_g3serv;

    USEVARIABLES =
    zg1engtd zg3engtd zg1spntd zg3spntd d_g1el;

    CLUSTER = sch_id;
    MISSING ARE ALL (9999);

    GROUPING =
    	d_g1dual (0 = English 1 = Dual);

  ANALYSIS:
    TYPE = COMPLEX;
    ESTIMATOR = ML;
    ITERATIONS = 10000;
    CONVERGENCE = 0.001;

  MODEL:
  	!Model English Immersion
  	zg3engtd ON zg1engtd (a);
  	zg3engtd ON zg1spntd ;
  	zg3spntd ON zg1engtd (c);
  	zg3spntd ON zg1spntd (d);

  	zg1engtd WITH zg1spntd (e);
  	zg3engtd WITH zg3spntd (f);

  	zg1engtd zg3engtd zg1spntd zg3spntd ON d_g1el;

  	!Model Dual Immersion
  	zg3engtd ON zg1engtd (a);
  	zg3engtd ON zg1spntd ;
  	zg3spntd ON zg1engtd (c);
  	zg3spntd ON zg1spntd (d);

  	zg1engtd WITH zg1spntd (e);
  	zg3engtd WITH zg3spntd (f);

  	zg1engtd zg3engtd zg1spntd zg3spntd ON d_g1el;


  OUTPUT:
    STDYX MODINDICES SAMPSTAT;



*** WARNING in ANALYSIS command
  Use ESTIMATOR=MLR instead of ESTIMATOR=ML for TYPE=COMPLEX.
  Default estimator will be used.
*** WARNING
  Data set contains cases with missing on all variables.
  These cases were not included in the analysis.
  Number of cases with missing on all variables:  1
*** WARNING
  Data set contains cases with missing on all variables except
  x-variables.  These cases were not included in the analysis.
  Number of cases with missing on all variables except x-variables:  1
   3 WARNING(S) FOUND IN THE INPUT INSTRUCTIONS




Figure 6: Sensitivity Check - Cluster SE by school

SUMMARY OF ANALYSIS

Number of groups                                                 2
Number of observations
   Group ENGLISH                                                81
   Group DUAL                                                  128
   Total sample size                                           209

Number of dependent variables                                    4
Number of independent variables                                  1
Number of continuous latent variables                            0

Observed dependent variables

  Continuous
   ZG1ENGTD    ZG3ENGTD    ZG1SPNTD    ZG3SPNTD

Observed independent variables
   D_G1EL

Variables with special functions

  Grouping variable     D_G1DUAL
  Cluster variable      SCH_ID

Estimator                                                      MLR
Information matrix                                        OBSERVED
Maximum number of iterations                                 10000
Convergence criterion                                    0.100D-02
Maximum number of steepest descent iterations                   20
Maximum number of iterations for H1                           2000
Convergence criterion for H1                             0.100D-03

Input data file(s)
  Eng-SpnFinalData.dat

Input data format  FREE


SUMMARY OF DATA

   Group ENGLISH
     Number of missing data patterns             7
     Number of clusters                          4


   Group DUAL
     Number of missing data patterns             8
     Number of clusters                          3



COVARIANCE COVERAGE OF DATA

Minimum covariance coverage value   0.100


     PROPORTION OF DATA PRESENT FOR ENGLISH


           Covariance Coverage
              ZG1ENGTD      ZG3ENGTD      ZG1SPNTD      ZG3SPNTD      D_G1EL
              ________      ________      ________      ________      ________
 ZG1ENGTD       0.963
 ZG3ENGTD       0.593         0.617
 ZG1SPNTD       0.901         0.568         0.938
 ZG3SPNTD       0.580         0.605         0.556         0.605
 D_G1EL         0.963         0.617         0.938         0.605         1.000


     PROPORTION OF DATA PRESENT FOR DUAL


           Covariance Coverage
              ZG1ENGTD      ZG3ENGTD      ZG1SPNTD      ZG3SPNTD      D_G1EL
              ________      ________      ________      ________      ________
 ZG1ENGTD       0.867
 ZG3ENGTD       0.664         0.789
 ZG1SPNTD       0.844         0.680         0.883
 ZG3SPNTD       0.672         0.789         0.688         0.797
 D_G1EL         0.867         0.789         0.883         0.797         1.000


SAMPLE STATISTICS


     ESTIMATED SAMPLE STATISTICS FOR ENGLISH


           Means
              ZG1ENGTD      ZG3ENGTD      ZG1SPNTD      ZG3SPNTD      D_G1EL
              ________      ________      ________      ________      ________
               -0.472        -0.117         0.688         0.999         0.543


           Covariances
              ZG1ENGTD      ZG3ENGTD      ZG1SPNTD      ZG3SPNTD      D_G1EL
              ________      ________      ________      ________      ________
 ZG1ENGTD       1.068
 ZG3ENGTD       0.643         0.660
 ZG1SPNTD       0.527         0.334         0.985
 ZG3SPNTD       0.482         0.441         0.324         0.680
 D_G1EL         0.113         0.127        -0.038         0.092         0.248


           Correlations
              ZG1ENGTD      ZG3ENGTD      ZG1SPNTD      ZG3SPNTD      D_G1EL
              ________      ________      ________      ________      ________
 ZG1ENGTD       1.000
 ZG3ENGTD       0.766         1.000
 ZG1SPNTD       0.514         0.414         1.000
 ZG3SPNTD       0.566         0.658         0.396         1.000
 D_G1EL         0.219         0.314        -0.078         0.225         1.000


     ESTIMATED SAMPLE STATISTICS FOR DUAL


           Means
              ZG1ENGTD      ZG3ENGTD      ZG1SPNTD      ZG3SPNTD      D_G1EL
              ________      ________      ________      ________      ________
                0.307         0.120        -0.456        -0.431         0.680


           Covariances
              ZG1ENGTD      ZG3ENGTD      ZG1SPNTD      ZG3SPNTD      D_G1EL
              ________      ________      ________      ________      ________
 ZG1ENGTD       0.663
 ZG3ENGTD       0.372         1.194
 ZG1SPNTD       0.334         0.425         0.532
 ZG3SPNTD       0.254         0.353         0.306         0.494
 D_G1EL         0.061         0.071         0.065        -0.022         0.218


           Correlations
              ZG1ENGTD      ZG3ENGTD      ZG1SPNTD      ZG3SPNTD      D_G1EL
              ________      ________      ________      ________      ________
 ZG1ENGTD       1.000
 ZG3ENGTD       0.418         1.000
 ZG1SPNTD       0.563         0.533         1.000
 ZG3SPNTD       0.443         0.459         0.597         1.000
 D_G1EL         0.161         0.139         0.190        -0.068         1.000


     MAXIMUM LOG-LIKELIHOOD VALUE FOR THE UNRESTRICTED (H1) MODEL IS -885.100


UNIVARIATE SAMPLE STATISTICS


     UNIVARIATE HIGHER-ORDER MOMENT DESCRIPTIVE STATISTICS FOR ENGLISH

         Variable/         Mean/     Skewness/   Minimum/ % with                Percentiles
        Sample Size      Variance    Kurtosis    Maximum  Min/Max      20%/60%    40%/80%    Median

     ZG1ENGTD             -0.463       0.809      -2.274    1.28%      -1.276     -0.901     -0.612
              78.000       1.085       0.240       2.413    1.28%      -0.430      0.307
     ZG3ENGTD             -0.165       0.610      -1.069    6.00%      -0.917     -0.621     -0.420
              50.000       0.600      -0.845       1.568    2.00%      -0.101      0.620
     ZG1SPNTD              0.656       0.532      -0.936    1.32%      -0.229      0.167      0.297
              76.000       0.944      -1.023       2.584    2.63%       0.596      1.810
     ZG3SPNTD              0.970       0.768      -0.469    2.04%       0.215      0.690      0.817
              49.000       0.661      -0.003       3.012    2.04%       0.952      1.516
     D_G1EL                0.543      -0.173       0.000   45.68%       0.000      0.000      1.000
              81.000       0.248      -1.970       1.000   54.32%       1.000      1.000


     UNIVARIATE HIGHER-ORDER MOMENT DESCRIPTIVE STATISTICS FOR DUAL

         Variable/         Mean/     Skewness/   Minimum/ % with                Percentiles
        Sample Size      Variance    Kurtosis    Maximum  Min/Max      20%/60%    40%/80%    Median

     ZG1ENGTD              0.325      -0.383      -1.913    0.90%      -0.360      0.164      0.380
             111.000       0.675       0.121       2.218    0.90%       0.518      1.116
     ZG3ENGTD              0.082       1.457      -1.069    1.98%      -0.795     -0.594     -0.254
             101.000       1.168       2.535       4.633    0.99%       0.084      1.043
     ZG1SPNTD             -0.441       1.010      -1.376    0.88%      -1.079     -0.841     -0.660
             113.000       0.545       0.362       1.999    0.88%      -0.405      0.076
     ZG3SPNTD             -0.466       1.840      -1.333    0.98%      -0.936     -0.779     -0.688
             102.000       0.484       3.440       2.438    0.98%      -0.564     -0.122
     D_G1EL                0.680      -0.770       0.000   32.03%       0.000      1.000      1.000
             128.000       0.218      -1.407       1.000   67.97%       1.000      1.000


THE MODEL ESTIMATION TERMINATED NORMALLY

     THE STANDARD ERRORS OF THE MODEL PARAMETER ESTIMATES MAY NOT BE
     TRUSTWORTHY FOR SOME PARAMETERS DUE TO A NON-POSITIVE DEFINITE
     FIRST-ORDER DERIVATIVE PRODUCT MATRIX.  THIS MAY BE DUE TO THE STARTING
     VALUES BUT MAY ALSO BE AN INDICATION OF MODEL NONIDENTIFICATION.  THE
     CONDITION NUMBER IS      -0.347D-16.  PROBLEM INVOLVING THE FOLLOWING PARAMETER:
     Parameter 5, Group ENGLISH: ZG1ENGTD ON D_G1EL

     THIS IS MOST LIKELY DUE TO HAVING MORE PARAMETERS THAN THE NUMBER
     OF CLUSTERS MINUS THE NUMBER OF STRATA WITH MORE THAN ONE CLUSTER.




MODEL FIT INFORMATION

Number of Free Parameters                       31

Loglikelihood

          H0 Value                        -747.831
          H0 Scaling Correction Factor      1.6120
            for MLR
          H1 Value                        -742.564
          H1 Scaling Correction Factor      1.4042
            for MLR

Information Criteria

          Akaike (AIC)                    1557.662
          Bayesian (BIC)                  1661.275
          Sample-Size Adjusted BIC        1563.050
            (n* = (n + 2) / 24)

Chi-Square Test of Model Fit

          Value                             90.525*
          Degrees of Freedom                     5
          P-Value                           0.0000
          Scaling Correction Factor         0.1164
            for MLR

Chi-Square Contribution From Each Group

          ENGLISH                           50.205
          DUAL                              40.320

*   The chi-square value for MLM, MLMV, MLR, ULSMV, WLSM and WLSMV cannot be used
    for chi-square difference testing in the regular way.  MLM, MLR and WLSM
    chi-square difference testing is described on the Mplus website.  MLMV, WLSMV,
    and ULSMV difference testing is done using the DIFFTEST option.

RMSEA (Root Mean Square Error Of Approximation)

          Estimate                           0.405
          90 Percent C.I.                    0.334  0.480
          Probability RMSEA <= .05           0.000

CFI/TLI

          CFI                                0.585
          TLI                                0.000

Chi-Square Test of Model Fit for the Baseline Model

          Value                            226.198
          Degrees of Freedom                    20
          P-Value                           0.0000

SRMR (Standardized Root Mean Square Residual)

          Value                              0.061



MODEL RESULTS

                                                    Two-Tailed
                    Estimate       S.E.  Est./S.E.    P-Value

Group ENGLISH

 ZG3ENGTD ON
    ZG1ENGTD           0.430      0.076      5.690      0.000
    ZG1SPNTD           0.161      0.060      2.675      0.007
    D_G1EL             0.315      0.112      2.821      0.005

 ZG3SPNTD ON
    ZG1ENGTD           0.214      0.031      6.882      0.000
    ZG1SPNTD           0.381      0.082      4.648      0.000
    D_G1EL             0.246      0.145      1.691      0.091

 ZG1ENGTD ON
    D_G1EL             0.457      0.087      5.250      0.000

 ZG1SPNTD ON
    D_G1EL            -0.127      0.227     -0.561      0.575

 ZG1ENGTD WITH
    ZG1SPNTD           0.377      0.067      5.609      0.000

 ZG3ENGTD WITH
    ZG3SPNTD           0.126      0.027      4.690      0.000

 Intercepts
    ZG1ENGTD          -0.722      0.210     -3.435      0.001
    ZG3ENGTD          -0.206      0.135     -1.525      0.127
    ZG1SPNTD           0.757      0.437      1.731      0.083
    ZG3SPNTD           0.699      0.146      4.778      0.000

 Residual Variances
    ZG1ENGTD           0.908      0.255      3.555      0.000
    ZG3ENGTD           0.254      0.025     10.104      0.000
    ZG1SPNTD           0.861      0.138      6.252      0.000
    ZG3SPNTD           0.445      0.113      3.947      0.000

Group DUAL

 ZG3ENGTD ON
    ZG1ENGTD           0.430      0.076      5.690      0.000
    ZG1SPNTD           0.470      0.108      4.337      0.000
    D_G1EL             0.069      0.189      0.363      0.716

 ZG3SPNTD ON
    ZG1ENGTD           0.214      0.031      6.882      0.000
    ZG1SPNTD           0.381      0.082      4.648      0.000
    D_G1EL            -0.280      0.096     -2.908      0.004

 ZG1ENGTD ON
    D_G1EL             0.283      0.210      1.348      0.178

 ZG1SPNTD ON
    D_G1EL             0.296      0.149      1.985      0.047

 ZG1ENGTD WITH
    ZG1SPNTD           0.377      0.067      5.609      0.000

 ZG3ENGTD WITH
    ZG3SPNTD           0.126      0.027      4.690      0.000

 Intercepts
    ZG1ENGTD           0.114      0.217      0.526      0.599
    ZG3ENGTD           0.152      0.181      0.840      0.401
    ZG1SPNTD          -0.655      0.124     -5.275      0.000
    ZG3SPNTD          -0.138      0.147     -0.943      0.346

 Residual Variances
    ZG1ENGTD           0.703      0.093      7.560      0.000
    ZG3ENGTD           0.861      0.292      2.947      0.003
    ZG1SPNTD           0.562      0.088      6.393      0.000
    ZG3SPNTD           0.305      0.081      3.762      0.000


QUALITY OF NUMERICAL RESULTS

     Condition Number for the Information Matrix              0.752E-02
       (ratio of smallest to largest eigenvalue)


STANDARDIZED MODEL RESULTS


STDYX Standardization

                                                    Two-Tailed
                    Estimate       S.E.  Est./S.E.    P-Value

Group ENGLISH

 ZG3ENGTD ON
    ZG1ENGTD           0.565      0.099      5.702      0.000
    ZG1SPNTD           0.201      0.080      2.504      0.012
    D_G1EL             0.211      0.069      3.051      0.002

 ZG3SPNTD ON
    ZG1ENGTD           0.251      0.051      4.935      0.000
    ZG1SPNTD           0.425      0.101      4.220      0.000
    D_G1EL             0.147      0.091      1.609      0.108

 ZG1ENGTD ON
    D_G1EL             0.232      0.039      5.891      0.000

 ZG1SPNTD ON
    D_G1EL            -0.068      0.116     -0.585      0.558

 ZG1ENGTD WITH
    ZG1SPNTD           0.426      0.107      3.986      0.000

 ZG3ENGTD WITH
    ZG3SPNTD           0.375      0.097      3.865      0.000

 Intercepts
    ZG1ENGTD          -0.737      0.299     -2.466      0.014
    ZG3ENGTD          -0.276      0.174     -1.580      0.114
    ZG1SPNTD           0.814      0.402      2.024      0.043
    ZG3SPNTD           0.839      0.127      6.601      0.000

 Residual Variances
    ZG1ENGTD           0.946      0.018     51.569      0.000
    ZG3ENGTD           0.456      0.064      7.131      0.000
    ZG1SPNTD           0.995      0.016     62.672      0.000
    ZG3SPNTD           0.641      0.079      8.077      0.000

Group DUAL

 ZG3ENGTD ON
    ZG1ENGTD           0.322      0.041      7.802      0.000
    ZG1SPNTD           0.315      0.117      2.695      0.007
    D_G1EL             0.028      0.079      0.356      0.722

 ZG3SPNTD ON
    ZG1ENGTD           0.261      0.043      6.071      0.000
    ZG1SPNTD           0.418      0.092      4.544      0.000
    D_G1EL            -0.188      0.065     -2.886      0.004

 ZG1ENGTD ON
    D_G1EL             0.155      0.112      1.386      0.166

 ZG1SPNTD ON
    D_G1EL             0.181      0.090      2.009      0.045

 ZG1ENGTD WITH
    ZG1SPNTD           0.599      0.069      8.741      0.000

 ZG3ENGTD WITH
    ZG3SPNTD           0.246      0.063      3.915      0.000

 Intercepts
    ZG1ENGTD           0.135      0.258      0.522      0.602
    ZG3ENGTD           0.134      0.163      0.819      0.413
    ZG1SPNTD          -0.859      0.177     -4.855      0.000
    ZG3SPNTD          -0.199      0.215     -0.927      0.354

 Residual Variances
    ZG1ENGTD           0.976      0.035     28.011      0.000
    ZG3ENGTD           0.667      0.097      6.843      0.000
    ZG1SPNTD           0.967      0.033     29.682      0.000
    ZG3SPNTD           0.632      0.082      7.717      0.000


R-SQUARE

Group ENGLISH

    Observed                                        Two-Tailed
    Variable        Estimate       S.E.  Est./S.E.    P-Value

    ZG1ENGTD           0.054      0.018      2.946      0.003
    ZG3ENGTD           0.544      0.064      8.503      0.000
    ZG1SPNTD           0.005      0.016      0.293      0.770
    ZG3SPNTD           0.359      0.079      4.531      0.000

Group DUAL

    Observed                                        Two-Tailed
    Variable        Estimate       S.E.  Est./S.E.    P-Value

    ZG1ENGTD           0.024      0.035      0.693      0.488
    ZG3ENGTD           0.333      0.097      3.419      0.001
    ZG1SPNTD           0.033      0.033      1.004      0.315
    ZG3SPNTD           0.368      0.082      4.502      0.000


MODEL MODIFICATION INDICES

NOTE:  Modification indices for direct effects of observed dependent variables
regressed on covariates may not be included.  To include these, request
MODINDICES (ALL).

Minimum M.I. value for printing the modification index    10.000

                                   M.I.     E.P.C.  Std E.P.C.  StdYX E.P.C.
Group ENGLISH


ON Statements

ZG1ENGTD ON ZG1ENGTD              25.328     0.590      0.590        0.590
ZG1ENGTD ON ZG3ENGTD              50.537     0.768      0.768        0.585
ZG1ENGTD ON ZG1SPNTD              25.206     0.258      0.258        0.245
ZG1ENGTD ON ZG3SPNTD              23.598     0.312      0.312        0.266
ZG3ENGTD ON ZG1ENGTD              19.904     0.055      0.055        0.072
ZG3ENGTD ON ZG3ENGTD              20.526     0.497      0.497        0.497
ZG1SPNTD ON ZG1ENGTD              25.158     0.244      0.244        0.257
ZG1SPNTD ON ZG1SPNTD              25.060     0.587      0.587        0.587
ZG3SPNTD ON ZG1SPNTD              27.087    -0.143     -0.143       -0.160
ZG3SPNTD ON ZG3SPNTD              10.646    -0.249     -0.249       -0.249

WITH Statements

ZG3ENGTD WITH ZG1ENGTD            20.024     0.187      0.187        0.389
ZG1SPNTD WITH ZG1ENGTD            25.159     0.160      0.160        0.181
ZG1SPNTD WITH ZG3ENGTD            20.335    -0.430     -0.430       -0.920
ZG3SPNTD WITH ZG1SPNTD            29.709    -0.197     -0.197       -0.319
D_G1EL   WITH ZG3ENGTD           999.000     0.000      0.000        0.000
D_G1EL   WITH ZG3SPNTD           999.000     0.000      0.000        0.000

Group DUAL


ON Statements

ZG1ENGTD ON ZG1ENGTD              25.040    -0.587     -0.587       -0.587
ZG1ENGTD ON ZG3ENGTD              39.577    -0.183     -0.183       -0.245
ZG1ENGTD ON ZG1SPNTD              25.286    -0.395     -0.395       -0.355
ZG1ENGTD ON ZG3SPNTD              34.662    -0.378     -0.378       -0.309
ZG3ENGTD ON ZG1ENGTD              20.094    -0.196     -0.196       -0.147
ZG3ENGTD ON ZG3ENGTD              20.682    -0.499     -0.499       -0.499
ZG1SPNTD ON ZG1ENGTD              25.236    -0.316     -0.316       -0.351
ZG1SPNTD ON ZG3ENGTD              11.245     0.134      0.134        0.199
ZG1SPNTD ON ZG1SPNTD              25.135    -0.588     -0.588       -0.588
ZG1SPNTD ON ZG3SPNTD              15.066     0.220      0.220        0.200
ZG3SPNTD ON ZG1SPNTD              26.992     0.089      0.089        0.098
ZG3SPNTD ON ZG3SPNTD              10.503     0.247      0.247        0.247

WITH Statements

ZG3ENGTD WITH ZG1ENGTD            20.199    -0.114     -0.114       -0.146
ZG1SPNTD WITH ZG1ENGTD            25.349    -0.062     -0.062       -0.099
ZG1SPNTD WITH ZG3ENGTD            20.344     0.170      0.170        0.245
ZG3SPNTD WITH ZG1SPNTD            27.687     0.097      0.097        0.235
D_G1EL   WITH ZG3ENGTD           999.000     0.000      0.000        0.000



TECHNICAL 1 OUTPUT


     PARAMETER SPECIFICATION FOR ENGLISH


           NU
              ZG1ENGTD      ZG3ENGTD      ZG1SPNTD      ZG3SPNTD      D_G1EL
              ________      ________      ________      ________      ________
                  0             0             0             0             0


           LAMBDA
              ZG1ENGTD      ZG3ENGTD      ZG1SPNTD      ZG3SPNTD      D_G1EL
              ________      ________      ________      ________      ________
 ZG1ENGTD           0             0             0             0             0
 ZG3ENGTD           0             0             0             0             0
 ZG1SPNTD           0             0             0             0             0
 ZG3SPNTD           0             0             0             0             0
 D_G1EL             0             0             0             0             0


           THETA
              ZG1ENGTD      ZG3ENGTD      ZG1SPNTD      ZG3SPNTD      D_G1EL
              ________      ________      ________      ________      ________
 ZG1ENGTD           0
 ZG3ENGTD           0             0
 ZG1SPNTD           0             0             0
 ZG3SPNTD           0             0             0             0
 D_G1EL             0             0             0             0             0


           ALPHA
              ZG1ENGTD      ZG3ENGTD      ZG1SPNTD      ZG3SPNTD      D_G1EL
              ________      ________      ________      ________      ________
                  1             2             3             4             0


           BETA
              ZG1ENGTD      ZG3ENGTD      ZG1SPNTD      ZG3SPNTD      D_G1EL
              ________      ________      ________      ________      ________
 ZG1ENGTD           0             0             0             0             5
 ZG3ENGTD           6             0             7             0             8
 ZG1SPNTD           0             0             0             0             9
 ZG3SPNTD          10             0            11             0            12
 D_G1EL             0             0             0             0             0


           PSI
              ZG1ENGTD      ZG3ENGTD      ZG1SPNTD      ZG3SPNTD      D_G1EL
              ________      ________      ________      ________      ________
 ZG1ENGTD          13
 ZG3ENGTD           0            14
 ZG1SPNTD          15             0            16
 ZG3SPNTD           0            17             0            18
 D_G1EL             0             0             0             0             0


     PARAMETER SPECIFICATION FOR DUAL


           NU
              ZG1ENGTD      ZG3ENGTD      ZG1SPNTD      ZG3SPNTD      D_G1EL
              ________      ________      ________      ________      ________
                  0             0             0             0             0


           LAMBDA
              ZG1ENGTD      ZG3ENGTD      ZG1SPNTD      ZG3SPNTD      D_G1EL
              ________      ________      ________      ________      ________
 ZG1ENGTD           0             0             0             0             0
 ZG3ENGTD           0             0             0             0             0
 ZG1SPNTD           0             0             0             0             0
 ZG3SPNTD           0             0             0             0             0
 D_G1EL             0             0             0             0             0


           THETA
              ZG1ENGTD      ZG3ENGTD      ZG1SPNTD      ZG3SPNTD      D_G1EL
              ________      ________      ________      ________      ________
 ZG1ENGTD           0
 ZG3ENGTD           0             0
 ZG1SPNTD           0             0             0
 ZG3SPNTD           0             0             0             0
 D_G1EL             0             0             0             0             0


           ALPHA
              ZG1ENGTD      ZG3ENGTD      ZG1SPNTD      ZG3SPNTD      D_G1EL
              ________      ________      ________      ________      ________
                 19            20            21            22             0


           BETA
              ZG1ENGTD      ZG3ENGTD      ZG1SPNTD      ZG3SPNTD      D_G1EL
              ________      ________      ________      ________      ________
 ZG1ENGTD           0             0             0             0            23
 ZG3ENGTD           6             0            24             0            25
 ZG1SPNTD           0             0             0             0            26
 ZG3SPNTD          10             0            11             0            27
 D_G1EL             0             0             0             0             0


           PSI
              ZG1ENGTD      ZG3ENGTD      ZG1SPNTD      ZG3SPNTD      D_G1EL
              ________      ________      ________      ________      ________
 ZG1ENGTD          28
 ZG3ENGTD           0            29
 ZG1SPNTD          15             0            30
 ZG3SPNTD           0            17             0            31
 D_G1EL             0             0             0             0             0


     STARTING VALUES FOR ENGLISH


           NU
              ZG1ENGTD      ZG3ENGTD      ZG1SPNTD      ZG3SPNTD      D_G1EL
              ________      ________      ________      ________      ________
                0.000         0.000         0.000         0.000         0.000


           LAMBDA
              ZG1ENGTD      ZG3ENGTD      ZG1SPNTD      ZG3SPNTD      D_G1EL
              ________      ________      ________      ________      ________
 ZG1ENGTD       1.000         0.000         0.000         0.000         0.000
 ZG3ENGTD       0.000         1.000         0.000         0.000         0.000
 ZG1SPNTD       0.000         0.000         1.000         0.000         0.000
 ZG3SPNTD       0.000         0.000         0.000         1.000         0.000
 D_G1EL         0.000         0.000         0.000         0.000         1.000


           THETA
              ZG1ENGTD      ZG3ENGTD      ZG1SPNTD      ZG3SPNTD      D_G1EL
              ________      ________      ________      ________      ________
 ZG1ENGTD       0.000
 ZG3ENGTD       0.000         0.000
 ZG1SPNTD       0.000         0.000         0.000
 ZG3SPNTD       0.000         0.000         0.000         0.000
 D_G1EL         0.000         0.000         0.000         0.000         0.000


           ALPHA
              ZG1ENGTD      ZG3ENGTD      ZG1SPNTD      ZG3SPNTD      D_G1EL
              ________      ________      ________      ________      ________
               -0.463        -0.165         0.656         0.970         0.543


           BETA
              ZG1ENGTD      ZG3ENGTD      ZG1SPNTD      ZG3SPNTD      D_G1EL
              ________      ________      ________      ________      ________
 ZG1ENGTD       0.000         0.000         0.000         0.000         0.000
 ZG3ENGTD       0.000         0.000         0.000         0.000         0.000
 ZG1SPNTD       0.000         0.000         0.000         0.000         0.000
 ZG3SPNTD       0.000         0.000         0.000         0.000         0.000
 D_G1EL         0.000         0.000         0.000         0.000         0.000


           PSI
              ZG1ENGTD      ZG3ENGTD      ZG1SPNTD      ZG3SPNTD      D_G1EL
              ________      ________      ________      ________      ________
 ZG1ENGTD       0.543
 ZG3ENGTD       0.000         0.300
 ZG1SPNTD       0.000         0.000         0.472
 ZG3SPNTD       0.000         0.000         0.000         0.330
 D_G1EL         0.000         0.000         0.000         0.000         0.248


     STARTING VALUES FOR DUAL


           NU
              ZG1ENGTD      ZG3ENGTD      ZG1SPNTD      ZG3SPNTD      D_G1EL
              ________      ________      ________      ________      ________
                0.000         0.000         0.000         0.000         0.000


           LAMBDA
              ZG1ENGTD      ZG3ENGTD      ZG1SPNTD      ZG3SPNTD      D_G1EL
              ________      ________      ________      ________      ________
 ZG1ENGTD       1.000         0.000         0.000         0.000         0.000
 ZG3ENGTD       0.000         1.000         0.000         0.000         0.000
 ZG1SPNTD       0.000         0.000         1.000         0.000         0.000
 ZG3SPNTD       0.000         0.000         0.000         1.000         0.000
 D_G1EL         0.000         0.000         0.000         0.000         1.000


           THETA
              ZG1ENGTD      ZG3ENGTD      ZG1SPNTD      ZG3SPNTD      D_G1EL
              ________      ________      ________      ________      ________
 ZG1ENGTD       0.000
 ZG3ENGTD       0.000         0.000
 ZG1SPNTD       0.000         0.000         0.000
 ZG3SPNTD       0.000         0.000         0.000         0.000
 D_G1EL         0.000         0.000         0.000         0.000         0.000


           ALPHA
              ZG1ENGTD      ZG3ENGTD      ZG1SPNTD      ZG3SPNTD      D_G1EL
              ________      ________      ________      ________      ________
               -0.463        -0.165         0.656         0.970         0.680


           BETA
              ZG1ENGTD      ZG3ENGTD      ZG1SPNTD      ZG3SPNTD      D_G1EL
              ________      ________      ________      ________      ________
 ZG1ENGTD       0.000         0.000         0.000         0.000         0.000
 ZG3ENGTD       0.000         0.000         0.000         0.000         0.000
 ZG1SPNTD       0.000         0.000         0.000         0.000         0.000
 ZG3SPNTD       0.000         0.000         0.000         0.000         0.000
 D_G1EL         0.000         0.000         0.000         0.000         0.000


           PSI
              ZG1ENGTD      ZG3ENGTD      ZG1SPNTD      ZG3SPNTD      D_G1EL
              ________      ________      ________      ________      ________
 ZG1ENGTD       0.543
 ZG3ENGTD       0.000         0.300
 ZG1SPNTD       0.000         0.000         0.472
 ZG3SPNTD       0.000         0.000         0.000         0.330
 D_G1EL         0.000         0.000         0.000         0.000         0.218


DIAGRAM INFORMATION

  Use View Diagram under the Diagram menu in the Mplus Editor to view the diagram.
  If running Mplus from the Mplus Diagrammer, the diagram opens automatically.

  Diagram output
    /Users/moonys/Library/Mobile Documents/com~apple~CloudDocs/Desktop/Research/spn-eng-spelling-mplus/Figure6-Multigrou

     Beginning Time:  10:47:29
        Ending Time:  10:47:29
       Elapsed Time:  00:00:00



MUTHEN & MUTHEN
3463 Stoner Ave.
Los Angeles, CA  90066

Tel: (310) 391-9971
Fax: (310) 391-8971
Web: www.StatModel.com
Support: Support@StatModel.com

Copyright (c) 1998-2024 Muthen & Muthen
